IM4diclrl4g
8HQukQcrbDc
gw9Rgg6g2uA
lq8scKJI7nI
_2yfoR_OBzs
b5I7yQrFuJs
C3a0OxN43ak
avP9ynpIIhY
j55nlGap5sE
yVMPnPQuVKA
KkJvj6W-m4w
Cx1HebBCggc
uQMw3R01iWE
d4yb3FE_eX4
s5u67khcqVw
6F8uBe02fbg
l4o4Kzo5n_Y
ErgcGRL1MX8
dgak1jvMbnk
M2svslfzJiM
wAf3BdNsigQ
-1CuOfPu52c
gc_PMa5gsSo
r7Gku0YFajw
Fwft8HQFnlM
fb76USDyxts
UQCOZkaaxEY
l_-RFdIKAfk
6Ka5zO970oE
NcSIXWmm6-s
LkCC-rwgqBs
7CLbTWnxtig
3E-q0E5pD4U
5Lao8c4bQg8
8BwEuL4kun8
HA3YUZRoYQ4
5s1jxcAy_1o
195h-lXIrog
c9wjTTviF40
VXb35GgTWLE
KQ3RTD0kUk4
3_OsSY2qgRc
PvoNoa_MQiQ
RfTqGf_87vM
j5a6wbpwUG8
OLaRZMUrFlA
NU2mQGoG6f0
jo2Iz16w26A
VmGmIsPU3Y0
H2rQnAApkPE
vAw_Hfh6_hA
AX-C2XjTqxk
9QCTnhLpuc0
OIoD2irWPjw
GNGsoFIF4ls
8cJPWnlzE2k
8sv22S8_8Eg
AzCHP4ZZbqA
xIP2evxOjUQ
hq70VASXWdY
5gp7S_7AVaI
sH3V01dL1q8
-27dAtVxAqE
upKEvOu5TLk
uOmEulC10lU
A3Tx4O0H97A
imA56uyt36Q
-hJc0Zipj08
4pLdS0m3nkU
VNrEJ3TxBPk
1c493EvCyfE
rQR1qPP3sOA
T3C3RotuoNM
6-LRh3blB9g
S-XqGQcCr_4
YLsMgIQ3Vw0
hWR8gVle_mM
hANi1JZ5kDs
almHIkEde2w
YhhtMtP3E6U
ofgzTPFsbf8
IPsXj87PxVs
Tup6RXkqH34
8ALHX6iV4zw
4io8RDKlTJI
OQE9a_L1M18
4NC3Z5CY7pI
HheOH_GJ0ZE
fOkU2SMdiwY
AArX3Mm94ic
sLIfwUdqhOo
tt_Ntj-fjog
kESn_n2WM-k
Ze1TWk-AZFg
ljNliLsh4ns
9NEBjPTVUA8
eJp6pSowD3g
iqg8wtD-6lE
AoMXGKFRDhA
ZJvuvvO2Ex4
Lxf_O7_4Amg
TQ4ASjd4vM0
u_BSwxBuURs
C7XFih4iVGs
ndSoGacXeAU
v_PKrJ_n5EE
pkb69moWOb4
30OVB0JaC1k
xpekDvSC4DE
FMWXqGh0AJ4
JUrqXXOdwGs
Qx2i3BAE6VE
LRXxiDuOiYM
3SY4H5I8YII
SDGECK-x_ak
l9WabpbDgt0
T6whUpTPCks
C6f-IFGtcdk
nPASZs4jLTY
d6e-r2KrBCw
dzLBHICpSqs
wILZ3oKm9To
KuuHvaH1DCo
kHsWlo3ijw0
q1sFb6LgpsY
4ebhu3Qa-kE
OPF2cTubpwU
4oXSKm9Ll6k
ZZbcaVbD3wM
NXiKqf5vj6w
Qf4cMgsv_24
3Irw6yXJ5EI
T-kIvSUz5tw
iOYAHGbMmGc
Gq5lODq914E
9mZjVpyjZrU
8aWxh82g4eM
3hTs8HMjLPA
S60n2yTcUhE
gBw83oSTA9I
jC_evVhaViE
Wp_tXOTqX1o
daWvd-efWHw
bjtVviWpRu0
ZfkiyS_s5wo
LKS_8neEUkI
HYquEbI-vJU
jOYXqqQqXRo
gGvess5Ipe0
mMvqstA_y1Y
16HuZ5p11To
RCYt2ZrJLtM
Rqh7gLIZDJo
GCZBAJ7oPfQ
PP4-wkbCJV0
prbOkcUkZxg
Qj3Iyqn6Hg0
Ym83eeEpgPI
Owh_IpYG7wA
H4OnM0UWrBg
RcxCnVpAbBI
ex7FSZC9uDk
fvBdRL6ovVY
1c21B7XxH20
jNPLWKStUUM
aWfH7e2_azk
UY7ke5eM2o8
ptJyYA47Z0Y
R0cfG1v2cjE
MKcVvmb1HO4
tymjzWcof4Y
S1DdYQDDnTk
gJmx4lQ6-6Y
M5iESbXPjsU
svpXmOwFPD0
5hdtWC19KDY
55:13
53:10
56:14
1:01:01
58:07
vq4MRwUPFE8
52:28
dpHNjLOxGag
1:10:22
shmn9gSj7GU
1:00:20
s8zWeh5wtnY
MEREix21WuY
54:00
q58HKCRvNMw
50:43
eiydVQCQGNM
1:00:32
5emoB6SdojM
57:59
gnNnFmapMqA
56:37
QvBVZCI1Gk4
57:34
E3vIRhJi0z4
SKOCOWx_-X4
53:19
HsraJDwydWg
52:03
jcoJ6fWND7o
53:52
pJlKIR-rHWc
59:17
GhApKnKW2aw
55:37
QeWM3wtILQo
Ne-OEsZ13jw
52:27
7MS6DDULmaI
57:03
VDLOXta7tjo
55:09
54:46
xEs8iKX6U0M
54:46
fl_ND9UJmqY
54:37
dx0LtoslY0Q
55:25
Y5Klasv_WVM
2lgCZ3drVoU
58:38
5CuoCXp1u8s
1:12:34
f9cwypMCL8I
56:43
yii0Yurm-Qc
57:56
oumh350E798
55:35
sdHxgpYhJ14
57:57
4gjlBCqj0fg
ph8ooWQ3ezw
50:24
PLdHgqvU924
57:20
kSfCRLntAxY
50:34
2cS-4kho100
1:12:18
tRElvabkH6o
ek52GqeTr5Q
51:30
g1s0Op3WjA4
59:40
sPwQIoKsdlQ
58:58
nSpogXIUGjk
55:54
_bAstblpIws
1:00:22
m1X0tE6JsuM
1:01:15
i-n9lrdLxQI
r2L1zT5O4Dw
1:01:19
tLz2z86TQlw
1:11:57
BdgIe2yVzbQ
54:12
ibtsL7YRqDI
58:26
5E48fzC036Y
USZUI7dyGAc
58:31
25IHlApIy0Q
54:10
CN7H2myIRD4
56:51
1RU-oQr-E3I
59:28
R01ewaytHi4
sBHk_3cF6oE
1:01:36
S2chRJWQlkQ
56:54
7L1AjJVH884
53:33
dnm5gO6X3xI
54:58
OGkt_oaH5I4
59:39
DnRSqlAb9k8
nj3P81uFYVE
59:29
n-rpH9tVICk
56:29
ZfEmbXTeoTQ
58:32
2-PSzard95I
59:39
m9Byul6x9GE
54:07
hE1hWboR54Y
57:12
lDMwCOS4KII
UpbDQ6O-UmE
52:00
jlf9mpklJEo
56:16
RUA-s1nqGyw
53:58
9Pv0omh65QQ
55:02
B3Z2PB7UgH4
56:03
lBm3JBBdZHU
i1gWEOYAhoI
55:03
mu_lSNkAYtY
54:05
JxTCYDJzPS4
56:48
56:28
56:37
54:47
57:18
59:22
55:49
56:07
57:16
55:15
55:09
58:03
55:24
55:53
57:01
54:20
56:05
57:27
59:19
1:00:29
57:33
1:11:09
1:12:06
1:04:34
1:06:40
55:12
56:05
55:34
56:56
53:09
50:38
1:04:30
51:06
1:04:31
54:40
55:09
1:05:50
51:19
55:49
57:30
55:44
55:13
49:29
51:38
50:44
50:57
53:25
53:04
39:30
55:05
51:44
53:30
52:23
52:44
55:50
55:47
54:15
57:18
51:33
55:02
56:26
56:43
49:29
55:48
55:00
54:04
ERROR: Unable to download webpage: The read operation timed out (caused by timeout('The read operation timed out'))
56:25
1:08:47
56:47
1:02:33
53:25
53:32
52:59
53:15
54:01
1:10:15
53:26
53:37
53:36
52:16
53:42
53:57
51:50
54:14
52:08
1:01:25
55:17
54:44
54:26
55:45
55:30
1:00:01
1:00:17
57:19
1:00:24
59:26
58:11
59:22
1:02:21
57:20
57:09
57:56
56:18
56:29
1:00:17
53:50
52:31
55:23
56:11
57:43
52:47
57:01
54:54
1:00:24
59:15
55:29
57:29
54:04
55:42
54:32
59:04
52:12
55:16
51:28
55:43
58:02
53:34
55:01
57:54
52:53
55:54
55:12
55:13
54:51
49:17
53:57
52:50
50:18
53:07
58:41
53:31
55:40
55:12
54:32
56:14
56:03
55:24
54:12
55:55
55:58
58:44
55:27
58:41
55:23
56:09
40:37
57:43
53:52
55:46
55:34
48:12
57:45
54:45
55:04
54:28
53:05
55:02
1:05:29
56:37
57:57
52:53
59:03
54:08
53:48
1:02:19
1:01:09
51:00
54:34
54:26
53:13
52:32
1:01:45
57:07
53:21
57:40
56:28
54:22
58:23
56:53
1:08:49
58:50
1:04:00
1:01:31
59:22
54:22
57:09
1:02:43
56:08
59:38
56:02
57:26
54:01
1:00:20
57:45
54:54
58:41
57:53
52:15
1:06:00
57:46
58:01
51:47
56:55
52:28
53:23
57:06
1:00:32
57:32
54:07
54:20
54:28
57:29
1:07:36
52:55
54:54
50:47
54:45
53:58
55:11
55:32
59:48
54:44
56:08
53:47
55:25
54:49
55:32
55:25
59:37
58:27
55:57
49:47
51:37
46:29
1:09:12
54:16
56:12
49:08
53:14
53:30
58:29
1:03:28
57:59
53:49
52:33
52:14
58:31
52:24
56:25
1:06:57
57:46
59:19
58:03
57:01
1:02:18
46:46
58:00
52:48
54:23
56:56
58:49
50:07
1:10:06
58:00
56:27
55:29
55:29
53:37
55:35
54:02
56:22
55:29
56:53
55:16
58:30
56:13
54:31
52:26
54:21
57:02
1:01:37
55:02
1:02:33
58:49
1:02:20
59:26
42:14
25:59
8:01
49:31
57:33
55:31
1:01:58
1:02:56
54:28
1:02:05
59:55
55:57
52:13
1:03:55
55:34
57:45
55:55
1:00:18
56:02
54:32
1:05:18
57:45
48:50
56:16
45:21
51:11
35:07
40:09
37:00
39:22
35:20
35:21
41:10
39:42
46:29
45:05
45:21
49:17
47:48
46:05
48:19
50:39
45:15
46:59
45:59
48:06
52:03
1:01:51
51:58
44:05
41:58
49:30
54:05
49:39
51:58
51:45
56:07
51:40
58:46
52:10
52:21
54:19
50:31
51:59
51:59
52:29
52:24
51:17
55:56
59:41
50:57
51:03
50:44
53:48
52:54
51:33
45:56
54:17
50:58
51:32
54:09
46:13
58:19
45:20
49:54
59:54
53:13
53:26
37:11
53:23
53:01
48:57
52:25
52:23
55:20
51:50
1:01:18
52:19
55:24
1:01:51
52:58
1:02:15
53:20
52:36
53:21
52:17
52:50
55:25
1:01:52
1:03:09
60:00
54:41
1:00:02
1:00:18
57:13
55:13
1:00:07
WARNING: [youtube] p_lSk_1iZxI: Skipping DASH manifest: ExtractorError("Failed to download MPD manifest: <urlopen error [Errno 0] Error> (caused by URLError(OSError(0, 'Error')))")
1:09:58
53:22
54:34
1:11:44
54:29
51:47
1:08:18
51:35
39:30
44:39
1:28:27
58:25
55:13
1:01:01
52:28
58:07
1:00:20
1:10:22
53:10
56:14
54:00
50:43
1:00:32
57:59
56:37
57:34
53:19
52:03
53:52
59:17
55:37
52:27
57:03
55:09
54:46
54:46
54:37
55:25
58:38
1:12:34
56:43
57:56
55:35
57:57
50:24
57:20
50:34
1:12:18
51:30
59:40
58:58
55:54
1:00:22
1:01:15
1:01:19
1:11:57
54:12
58:26
58:31
54:10
56:51
59:28
1:01:36
56:54
53:33
54:58
59:39
59:29
56:29
58:32
59:39
54:07
57:12
52:00
56:16
53:58
55:02
56:03
55:03
54:05
56:48
56:28
56:37
54:47
57:18
59:22
55:49
56:07
57:16
55:15
55:09
58:03
55:24
55:53
57:01
54:20
56:05
57:27
59:19
1:00:29
57:33
1:11:09
1:12:06
1:04:34
1:06:40
55:12
56:05
55:34
56:56
53:09
50:38
1:04:30
51:06
1:04:31
54:40
55:09
1:05:50
51:19
55:49
57:30
55:44
55:13
49:29
51:38
50:44
50:57
53:25
53:04
39:30
55:05
51:44
53:30
52:23
52:44
55:50
55:47
54:15
57:18
51:33
55:02
56:26
56:43
49:29
55:48
55:00
54:04
56:25
1:08:47
56:47
1:02:33
53:25
53:32
52:59
53:15
54:01
1:10:15
53:26
53:37
53:36
52:16
53:42
53:57
51:50
54:14
52:08
1:01:25
55:17
54:44
54:26
55:45
55:30
1:00:01
1:00:17
57:19
1:00:24
59:26
58:11
59:22
1:02:21
57:20
57:09
57:56
56:18
56:29
1:00:17
53:50
52:31
55:23
56:11
57:43
52:47
57:01
54:54
1:00:24
59:15
55:29
57:29
54:04
55:42
54:32
59:04
52:12
55:16
51:28
55:43
58:02
53:34
55:01
57:54
52:53
55:54
55:12
55:13
54:51
49:17
53:57
52:50
50:18
53:07
58:41
53:31
55:40
55:12
54:32
56:14
56:03
55:24
54:12
55:55
55:58
58:44
55:27
58:41
55:23
56:09
40:37
57:43
53:52
55:46
55:34
48:12
57:45
54:45
55:04
54:28
53:05
55:02
1:05:29
56:37
57:57
52:53
59:03
54:08
53:48
1:02:19
1:01:09
51:00
54:34
54:26
53:13
52:32
1:01:45
57:07
53:21
57:40
56:28
54:22
58:23
56:53
1:08:49
58:50
1:04:00
1:01:31
59:22
54:22
57:09
1:02:43
56:08
59:38
56:02
57:26
54:01
1:00:20
57:45
54:54
58:41
57:53
52:15
1:06:00
57:46
58:01
51:47
56:55
52:28
53:23
57:06
1:00:32
57:32
54:07
54:20
54:28
57:29
1:07:36
52:55
WARNING: [youtube] TsTLlyRFSjQ: Skipping DASH manifest: ExtractorError("Failed to download MPD manifest: <urlopen error [Errno 0] Error> (caused by URLError(OSError(0, 'Error')))")
54:54
50:47
54:45
53:58
55:11
55:32
59:48
54:44
56:08
53:47
55:25
54:49
55:32
55:25
59:37
58:27
55:57
49:47
51:37
46:29
1:09:12
54:16
56:12
49:08
53:14
53:30
58:29
1:03:28
57:59
53:49
52:33
52:14
58:31
52:24
56:25
1:06:57
57:46
59:19
58:03
57:01
1:02:18
46:46
58:00
52:48
54:23
56:56
58:49
50:07
1:10:06
58:00
56:27
55:29
55:29
53:37
55:35
54:02
56:22
55:29
56:53
55:16
58:30
56:13
54:31
52:26
54:21
57:02
1:01:37
55:02
1:02:33
58:49
1:02:20
59:26
42:14
25:59
8:01
49:31
57:33
55:31
1:01:58
1:02:56
54:28
1:02:05
59:55
55:57
52:13
1:03:55
55:34
57:45
55:55
1:00:18
56:02
54:32
1:05:18
57:45
48:50
56:16
45:21
51:11
35:07
40:09
37:00
39:22
35:20
35:21
41:10
39:42
46:29
45:05
45:21
49:17
47:48
46:05
48:19
50:39
45:15
46:59
45:59
48:06
52:03
1:01:51
51:58
44:05
41:58
49:30
54:05
49:39
51:58
51:45
56:07
51:40
58:46
52:10
52:21
WARNING: [youtube] 0Y30aVsWfXQ: Skipping DASH manifest: ExtractorError("Failed to download MPD manifest: <urlopen error [Errno 0] Error> (caused by URLError(OSError(0, 'Error')))")
54:19
50:31
51:59
51:59
52:29
52:24
51:17
55:56
59:41
50:57
51:03
50:44
53:48
52:54
51:33
45:56
54:17
50:58
51:32
54:09
46:13
58:19
45:20
49:54
59:54
53:13
53:26
37:11
53:23
53:01
48:57
52:25
52:23
55:20
51:50
1:01:18
52:19
55:24
1:01:51
52:58
1:02:15
53:20
52:36
53:21
52:17
52:50
55:25
1:01:52
1:03:09
60:00
54:41
1:00:02
1:00:18
57:13
55:13
1:00:07
1:09:58
53:22
54:34
1:11:44
54:29
51:47
1:08:18
51:35
39:30
44:39
1:28:27
58:25
38:43
54:37
52:00
1:20:54
1:18:12
55:30
1:32:11
1:16:10
1:16:42
1:17:12
1:12:04
1:16:34
1:16:44
1:17:36
1:11:12
1:03:51
1:01:36
1:11:57
1:18:37
1:01:46
1:17:24
1:16:44
1:13:55
1:15:04
1:17:33
1:13:05
1:22:17
1:10:39
1:17:24
1:00:01
57:33
56:22
22:04
32:20
7:13
51:44
1:10:38
1:11:59
1:14:36
1:12:23
1:01:13
1:11:02
1:19:56
1:12:32
1:01:02
55:47
1:29:32
1:17:18
1:13:13
56:32
1:12:45
1:28:18
1:00:54
57:51
1:05:42
54:29
1:01:20
1:02:04
55:24
1:02:28
56:34
1:04:39
1:20:26
57:59
59:45
58:56
59:15
58:15
55:27
1:14:48
53:09
57:07
54:04
45:35
38:19
47:05
55:26
52:43
54:40
1:18:46
55:51
52:25
53:32
52:52
57:18
55:07
1:01:59
56:18
56:12
51:06
57:57
57:40
54:14
55:58
53:35
1:02:39
58:11
50:20
1:01:24
53:56
56:46
56:34
59:07
55:56
43:23
1:01:35
1:01:46
57:48
54:42
52:26
57:37
1:00:50
1:01:10
56:02
59:25
57:34
56:02
58:25
48:20
51:52
56:02
53:51
1:18:11
1:01:00
53:40
57:15
1:17:21
57:53
51:01
1:02:23
50:25
54:51
55:29
55:36
54:11
1:00:45
57:12
1:00:28
54:20
58:47
56:51
52:13
52:30
51:41
54:55
54:13
55:56
59:30
1:01:46
56:30
52:38
55:32
53:50
1:00:07
59:28
1:00:08
1:00:37
59:37
1:00:32
52:01
1:06:54
53:52
58:21
53:15
53:56
50:02
53:12
1:04:06
59:15
1:07:41
1:02:13
59:52
57:00
1:03:16
53:03
1:19:16
1:18:31
1:16:52
45:00
1:15:25
54:28
1:16:09
58:08
52:57
1:19:21
58:20
56:21
56:01
58:23
55:03
52:08
57:05
54:40
50:48
56:26
57:22
54:05
48:31
46:09
54:42
53:07
46:22
51:14
57:15
57:34
55:06
55:31
56:02
1:02:19
39:27
48:10
1:00:57
41:04
53:29
41:18
1:18:31
39:27
41:48
39:47
34:12
44:43
56:56
46:16
55:47
52:33
53:05
59:35
57:21
55:03
57:35
52:54
54:27
1:18:48
1:02:18
56:56
1:02:16
54:20
56:26
57:53
58:11
54:20
56:03
1:01:11
48:38
1:02:51
48:14
55:33
53:32
53:36
40:04
42:54
43:24
45:21
52:50
31:02
36:41
37:42
47:42
34:34
49:27
55:05
44:19
46:25
52:21
51:08
52:00
49:13
57:14
52:11
52:56
52:32
55:24
52:54
52:28
53:58
1:14:56
56:04
52:42
49:29
53:59
51:56
1:07:20
1:01:29
1:02:34
56:29
1:01:35
56:53
1:05:28
55:46
58:49
56:59
58:12
39:45
48:20
54:09
47:18
45:13
54:46
54:50
56:41
55:27
52:22
47:04
54:27
1:12:12
1:00:44
1:09:13
52:20
55:42
41:16
42:07
54:20
54:54
39:14
50:51
48:47
52:52
48:58
50:42
55:24
57:06
56:38
53:17
45:38
53:41
45:40
52:54
54:09
52:12
42:48
58:06
56:11
53:37
51:40
55:22
54:04
55:44
54:43
50:40
1:00:34
56:04
50:27
55:14
1:01:10
54:41
1:01:07
42:14
55:09
52:45
1:02:17
52:05
57:22
53:33
51:38
56:51
51:10
57:19
51:36
52:57
57:48
52:15
50:45
53:12
54:31
50:47
1:08:21
57:48
1:14:05
49:22
54:15
50:50
52:36
54:03
56:51
56:30
54:55
44:49
1:01:10
59:15
52:10
46:34
55:19
1:01:35
46:10
48:43
36:16
57:19
54:20
48:00
33:43
1:01:54
53:36
1:02:29
58:18
56:30
56:08
1:02:46
1:01:02
6:07
11:13
8:44
52:08
55:15
16:41
20:23
28:39
30:01
37:08
50:30
59:03
45:17
44:48
53:36
47:21
41:44
59:49
51:45
46:39
53:28
1:00:59
53:13
1:01:41
46:09
56:58
16:54
23:10
17:52
54:20
4:42
23:33
12:14
24:25
26:07
32:43
37:37
11:08
24:53
16:32
13:13
28:39
20:54
30:37
27:11
8:53
30:30
30:18
27:25
30:58
23:22
28:17
7:11
23:46
45:51
17:46
32:49
32:37
52:03
49:53
55:49
51:56
38:54
49:46
51:44
54:51
55:12
1:02:06
1:15:43
53:33
56:34
57:23
52:14
1:16:00
47:22
57:38
51:44
54:26
56:13
52:11
55:57
1:02:06
1:03:22
1:36:13
54:49
57:06
56:34
55:36
54:37
57:08
1:00:19
57:09
1:01:13
49:25
51:16
57:09
51:46
1:09:54
53:38
58:54
56:31
54:42
54:45
56:40
55:30
54:51
59:50
54:27
54:09
1:01:00
1:00:52
57:25
54:28
1:12:10
53:19
44:55
1:13:34
53:21
58:53
1:08:56
58:13
1:08:43
52:04
51:57
52:35
39:39
51:58
1:28:40
1:06:06
38:55
50:36
58:05
54:50
52:21
1:04:07
57:34
1:21:17
1:18:17
1:14:38
1:13:19
1:13:35
1:11:34
1:18:23
1:19:41
1:23:43
1:14:40
1:07:54
1:00:16
1:17:28
1:21:07
1:06:08
1:19:31
1:22:40
1:20:24
1:22:27
1:32:54
1:10:42
1:18:33
1:22:49
1:13:48
1:17:18
1:10:46
1:00:29
57:52
57:09
1:01:10
1:01:02
1:01:18
1:01:46
1:29:57
1:19:09
1:09:09
1:35:00
1:09:57
1:21:09
1:13:24
53:37
1:09:39
1:03:18
56:37
56:40
57:40
55:30
54:55
54:51
1:01:58
59:50
54:27
51:33
54:09
1:00:48
1:01:00
1:00:46
1:00:52
57:25
1:20:29
54:28
1:12:10
1:15:14
53:19
1:18:21
44:55
1:13:34
1:10:43
53:21
53:27
58:53
1:12:23
1:08:56
57:58
58:13
1:12:45
1:08:43
52:04
1:01:47
51:57
1:02:23
52:35
39:39
2:08:06
51:58
1:13:17
1:28:40
1:06:06
1:01:31
38:55
57:46
50:36
58:05
1:30:02
54:50
58:13
52:21
1:04:07
55:43
57:34
1:21:48
1:21:17
1:03:15
1:18:17
1:14:38
1:34:05
1:13:19
1:33:06
1:13:35
1:13:40
1:11:34
54:50
1:18:23
51:00
1:19:41
1:23:43
1:09:57
1:14:40
37:15
1:07:54
1:15:25
1:00:16
1:17:28
58:02
1:21:07
1:01:56
1:06:08
1:19:31
58:02
1:22:40
59:49
1:20:24
1:00:27
1:22:27
1:32:08
1:32:54
1:10:42
1:20:56
1:18:33
1:00:45
1:22:49
55:01
1:13:48
58:25
1:17:18
50:29
1:10:46
58:37
1:00:29
57:52
56:49
57:09
1:00:41
1:01:10
1:00:05
1:01:02
1:01:18
1:06:12
1:01:46
53:39
1:29:57
UIvbzRblNhE
54:53
1:19:09
rY6hn0x4T_Y
58:58
1:09:09
I0Sq2mVPX8Q
56:13
1:35:00
XmWJ__01wvM
1:09:57
1:03:36
cFhcyGp-Nrs
1:21:09
54:35
vHgZWtQtDX0
1:13:24
55:44
53:37
rBufJrBBx4Q
54:15
1:09:39
jJ53viLAwNw
1:03:18
1:01:57
BFAKvsBJIKY
56:37
IH5uz1vhvvU
1:05:20
57:40
d-fd7a_qgUI
56:10
54:55
n0grS8htLV4
1:01:58
59:30
V9bGzibvTE0
51:33
59:10
CiRe4_7-bk8
1:00:48
oFJNVAllSLs
1:01:38
1:00:46
ejnFfOSHMek
1:20:29
58:40
AWvWTd_Xjrc
1:11:25
1:15:14
nAT47XPEtBo
1:18:21
51:36
1:10:43
lZ6PzhuAWfE
54:21
53:27
t01BRzLPFqU
55:48
1:12:23
WN2ctOiXwmE
59:20
57:58
6pNleLA-oKc
52:18
1:12:45
-v3fxNge0HA
1:01:47
55:43
En52JUMUwJQ
1:02:23
-n5oqLi3ckU
42:01
zckI8lcDEdg
2:08:06
57:56
1:13:17
NSq9V4pUZHs
38:38
1:01:31
7ecYa9Q3iok
46:37
57:46
rwTDr8z3fSY
1:30:02
59:34
R3i6tDzb4ck
58:13
jfz8nHMxfrc
47:19
55:43
0Noh7eGrAQI
1:21:48
53:01
910LXXOQTTg
1:03:15
55:00
oE87Wzwog7U
1:34:05
58:11
GgDZV_N_lXE
1:33:06
56:12
YWHTZv79CVw
1:13:40
ePQ2SV8xm_c
52:39
54:50
Hxk7bZ8yLdY
51:00
54:09
1:09:57
c20fcGVEsvQ
57:09
37:15
y2fXM3itbF0
53:10
1:15:25
STlOtdLN3nA
53:54
58:02
Z0XRg6sUcyg
1:01:56
53:04
58:02
ZDQI7gJrLjc
33:09
59:49
pgnCXnP9v6w
57:31
1:00:27
P32_sUvMPwQ
1:32:08
1:16:05
IZtgYs49-N0
1:20:56
1:09:42
YnkbFGOsev8
1:00:45
1:02:20
eLoVcOSWK00
55:01
58:25
FULmuF7EJUo
55:08
50:29
rLZxcpXw0ks
55:25
58:37
BVh0hrCxHkk
56:49
56:37
NMzYGYAN2uU
1:00:41
53:17
mmjjLeUCNKQ
1:00:05
mEHeyKUQ2So
51:22
1:06:12
PfdUgc_SX_E
56:22
53:39
ztdHiJQh9NI
54:53
51:23
58:58
8C0GDS8xNiY
52:43
56:13
Jo-lH8RTlb0
53:05
1:03:36
hlDe45XQEo0
54:35
51:54
2vRPD-awig0
55:44
55:05
DYzPSQG3I7g
54:15
57:05
1:01:57
1i2iS4z3sng
1:05:20
55:04
8KE5BO1-b7E
56:10
57:59
CePJZ5Cvo_E
59:30
57:01
Zotb1sIgFWU
59:10
58:17
sRWG7ITOxlA
1:01:38
n9KKAcqZXWE
58:40
54:59
1:11:25
ls8dgQCUq7w
55:42
51:36
O8-Gmv35Ol0
56:44
54:21
dW2fNDkrFOA
55:48
56:48
rB1FrH6C46w
59:20
06ZDvgtk9Rk
54:39
52:18
c_3QbmutGdM
55:43
56:38
CRmG47fxUEQ
42:01
56:17
Q2iIQ3fSQm4
57:56
38:38
57:57
-mHED4aGmX0
46:37
p6-vhZO15gI
53:47
59:34
BZc40fGwhuE
53:46
58:34
1:01:22
54:24
57:29
51:15
55:13
58:27
55:39
1:01:22
50:06
1:00:07
56:41
1:01:10
49:17
54:46
49:48
51:32
58:09
51:45
50:37
56:31
57:16
1:04:03
59:23
55:07
1:35:37
53:05
1:16:57
1:01:55
53:06
55:15
52:50
1:03:18
1:30:47
1:02:53
1:00:23
48:42
49:32
53:48
57:50
56:50
56:33
1:01:53
2:05:20
WARNING: [youtube] WJpCBs55KQM: Skipping DASH manifest: ExtractorError("Failed to download MPD manifest: <urlopen error [Errno 97] Address family not supported by protocol> (caused by URLError(OSError(97, 'Address family not supported by protocol')))")
1:16:15
47:19
CFQ_dzh-2Kk
53:01
56:51
f2la42wR8pk
55:00
58:15
uc_rsjbQMt0
58:11
1:23:33
NM0eKf2Wh9A
56:12
XGwrmkXaxDk
52:39
57:31
Did1m4kefbA
54:09
57:27
ksAOBVSKuoY
57:09
1:01:08
53:10
A4oWvY6KXq0
1:00:47
53:54
zAxCawhhCnQ
53:04
58:50
DhDRojnnUpI
33:09
1:34:36
cCiENDXjXZs
57:31
59:01
wn6tQH61f7k
1:16:05
58:52
Dl90IPjgM40
1:09:42
1:02:20
N0kXTiCFkmQ
1:18:55
55:08
6pY32rarOJM
1:22:37
55:25
bQaHLl0zzhc
56:37
53:25
FtptFdTBB8w
53:17
1:02:08
51:22
52:52
56:22
51:55
51:23
52:43
53:44
53:05
59:10
51:54
55:25
55:05
57:05
56:58
55:04
1:01:32
57:59
1:22:39
57:01
58:28
58:17
54:59
1:06:12
55:42
1:01:18
56:44
56:48
1:20:48
54:39
54:14
56:38
55:45
56:17
57:57
57:48
53:47
1:39:24
53:46
1:22:30
58:34
1:01:22
50:14
54:24
40:23
57:29
57:11
51:15
50:59
55:13
58:27
1:28:58
55:39
59:33
1:01:22
58:48
50:06
1:00:07
56:11
56:41
1:08:10
1:01:10
1:16:11
49:17
1:17:34
54:46
49:48
56:42
51:32
1:27:36
58:09
51:45
57:34
50:37
58:26
56:31
1:14:13
57:16
1:04:03
54:48
59:23
59:40
55:07
50:36
1:35:37
53:05
1:39:58
1:16:57
54:32
1:01:55
57:14
53:06
1:18:03
55:15
52:50
54:18
1:03:18
1:13:31
1:30:47
1:32:03
1:02:53
1:00:23
RjtynDO3S6Q
48:42
1:05:50
WA_n87rpr2g
49:32
55:01
_SXk5aAt5NY
53:48
nEkx5FSabR0
55:59
57:50
zfVNHlo71O4
55:00
56:50
bzAKrQgll2E
54:05
56:33
ghzR5oJKISs
1:01:53
1:02:10
dnNvGJNUtBk
2:05:20
57:38
ZDNy7tY5gkQ
1:16:15
1:24:32
56:51
p7SERGDRE-w
58:15
EycXlR022Nw
54:42
1:23:33
bjGuncbfq40
59:21
57:31
AydWYfpcjAM
57:27
55:48
WhBI5o2TnOs
1:01:08
58:56
0e9diHWlte8
1:00:47
58:47
58:50
bp5QOSHob9k
1:34:36
1:30:51
VIIftNWAXfA
59:01
1:09:55
q1TC540Cd6o
58:52
fyGGlKXC7tw
1:29:00
1:18:55
kSDdkkZlnac
1:22:37
1:11:24
zf2QY3_Kq58
53:25
1:22:38
kloiTx1qSuw
1:02:08
56:55
d-NpS9Vrkpo
52:52
55:19
51:55
MkaiY68QiWY
53:44
55:59
7AMYjgoQB3M
59:10
1:25:41
y8qRA_5TUBI
55:25
59:19
2htIhXHIkqs
56:58
1:00:12
Xfsgcf72-PE
1:01:32
1:22:39
AdgBogXPbQQ
1:07:40
58:28
zR9Y6mad3Jk
59:33
1:06:12
ODRxVZ3wC7w
59:04
1:01:18
cS6dbeR7OL8
1:17:12
1:20:48
A06-Qwoo5uk
51:39
54:14
ciTrxxVj7lU
55:45
51:34
yqSUxAt6Q7Y
57:48
54:49
o6T1cQYq6o8
1:39:24
54:09
6_ZPFHSYm0Q
1:22:30
1:25:19
JfCTrAR6MFk
50:14
2qF-s6ee__Y
59:26
40:23
5_yx3rLJ-3A
1:14:00
57:11
WWJDHJgJtxo
50:59
56:27
XfMd8_ODr4k
54:26
1:28:58
PEuE_q04Z3Y
59:33
1:19:06
NHym_maV_9M
58:48
54:51
VUIfrhMg69A
56:11
3bH4TkBt53E
1:26:52
1:08:10
Pr6xHXoIf60
55:02
1:16:11
yWK4nAViIbE
1:17:34
55:09
QoRGm4ql598
56:42
1:25:36
I_aWyX9XAUw
1:27:36
2T7CBPyhKDc
51:02
57:34
DgpqSThWyNg
58:26
54:36
0TFLkyG_1LA
1:14:13
59:28
54:48
4pjDbf2R_ZA
58:11
59:40
eQf_3TvqhKc
50:36
MVChCU1uHB0
1:00:06
1:39:58
lVhuZXXu_jY
1:07:23
rG5g2Crqe1k
54:32
54:14
K8xB86pN80w
57:14
rhTn0LcLs84
58:11
1:18:03
sdy8hHdujzw
54:18
53:34
kd_3odwWR5g
1:13:31
54:19
5ondv2DvVX8
1:32:03
A5X9-GoXBHU
50:21
1:05:50
1:04:03
Xv-c201_IiQ
55:01
vkMNtMeernI
55:59
1:35:40
ABiSQWamML8
55:00
1:01:22
kC78mvrqnCc
54:05
1:04:10
e3CzW0Cdepw
1:02:10
59:34
HHc50o0ho4Y
57:38
XiImz4NW7BY
1:24:32
1:26:46
e1KzE0BfPOg
54:42
53:49
TFvc9lNuMlM
59:21
55:57
55:48
MoZUl1vS1w4
58:56
jWsf1SExJMw
59:00
58:47
ViH_lo7OLZU
55:28
1:30:51
J3eWIixEe-M
59:51
1:09:55
1kPnMfE3vxc
1:29:00
56:45
fyfn1mVaNP4
1:11:24
52:41
ucpOuKArKRs
1:22:38
a6uFbTMwxz4
1:11:31
56:55
Iz4QglPBT2c
50:52
55:19
Q8d-vKFrRMM
55:59
1:04:23
1lnXHk211UA
1:25:41
HgGpQ0ehrZI
54:30
59:19
O_T4KZ-a9RE
1:11:19
1:00:12
kRhBQe9loVU
1:07:40
1:05:38
lQ69JsKKt_Q
59:33
52:53
Bham9K1zh-4
59:04
1:26:21
Q0z0VSQWalM
1:17:12
51:12
51:39
OthwM5WxOZ8
hfZRcGLDP0Q
51:34
55:53
fvQt9CKEzVM
54:49
54:55
54:09
vXEbNynS4dA
58:23
uyCwK4KLLho
1:25:19
51:26
BU0r7iIYlHo
59:26
1:14:00
1:01:22
6UyMpUQGesw
56:27
4Pl12zEEcdE
50:25
54:26
JArPwGpAKFU
50:48
1:19:06
b7Ub3-4KLoY
54:51
54:58
IN3i15bjJUQ
1:26:52
39:15
Ei7DhIGAtwc
55:02
zJZ5fhlO3Po
1:16:53
55:09
063k0oErJNY
54:56
1:25:36
ZZIxgpNYFFU
1:20:31
51:02
vqPy7Xmv4ts
54:36
57:41
5NvtN7gEAy8
59:28
T64VITd8pPE
50:38
58:11
mhqjWeKIM7I
50:11
1:00:06
AynVkDoUF5s
1:07:23
-Kxwq9XltCI
WARNING: unable to extract uploader name
WARNING: unable to extract uploader nickname
53:51
54:14
0kOhnFi10LY
52:49
REg6PhUoYnw
58:11
53:34
1:31:43
5Js5HH5fq50
54:19
e8rxpfHzCxk
1:12:20
50:21
heyKH2ICU5Q
56:03
1:04:03
7irIvc5BChI
1:37:23
1:35:40
Pdu0sYpOHRw
ru8bnvxMgzQ
49:18
1:01:22
FOAtrfj9TSs
1:04:10
1:08:16
59:34
_OErEOxvjiM
54:47
1:26:46
lvPJO9HTpCg
53:54
53:49
1:08:36
55:57
FiBn4coAPBo
59:00
56:38
c8dojSNi7Ww
55:28
5tNpZaAv-4w
1:31:21
59:51
dw-9S-B_qKE
53:11
56:45
7SAuD1vS-5A
52:41
53:23
1:11:31
lznnQxcZ_MA
50:36
50:52
S36cgHzq4js
1:17:52
1:04:23
jbvcpa61mKI
54:30
1:11:02
ejdpeu4RE-k
1:11:19
NAl94yJBIwU
51:12
1:05:38
q7oiHtJuIJI
52:46
52:53
LfHCb1bUvzg
1:26:21
50:27
p2NumjkB7XE
51:12
51:52
hPlU4Lrg3L0
55:53
1:18:16
ag0M7mzmSPw
54:55
zO52ZdOa5YU
1:13:50
58:23
51:26
gb9VuKcoT5I
50:27
1:01:22
xVmrgGXqFvA
52:33
50:25
YaQTG2wfATg
1:18:37
50:48
pZPKBTiuBVY
54:58
57:48
39:15
FlU_6vCfnUQ
1:13:39
1:16:53
Kdy8mL88B2w
54:56
55:07
Otuzj-NfDXo
1:20:31
anRbqhHOixU
54:40
57:41
lxdYgxWHbHA
50:38
1:13:11
MvTczdotJ_8
50:11
54:17
-A9eHUz-5io
53:51
1:05:09
3VyBuQPFWOU
52:49
1:33:12
gkK23M_bzlU
1:31:43
evhSRqz9hu4
59:55
1:12:20
VuoDe46VDbU
55:29
56:03
Wm7WpQDCguI
1:37:23
1:34:32
xwgeOUSq9YI
49:18
54:15
uDMrnu8i9bM
1:08:16
54:47
54:47
eTX7Sjop5iM
53:54
56:21
vQeIAZ7Y9PA
1:08:36
2X9dMcfF73c
53:42
56:38
YfIO5oge7aM
52:16
1:31:21
b5G9vK0KlmE
53:11
55:13
LrIEWmFTXsM
53:23
1:20:32
OXXHyypgrCw
50:36
53:59
X2J5YD2iKGI
1:17:52
1:11:02
54:46
b1oiXmP7Itk
51:12
RV5vIzA9M8A
59:10
52:46
VmDWVdu1Cx0
56:18
50:27
FfciI-YpiZc
51:52
1:32:57
UXbvPJ3FEMQ
1:18:16
1:02:03
WWOuOkSbCzs
1:13:50
55:35
uWJNHLRz6Vc
50:27
52:33
sQL-VQ94C48
54:24
1:18:37
52-c_w7776c
53:51
57:48
RyfFsgBNRts
56:04
1:13:39
_fJNKrgGiTg
55:07
1:20:25
ATAsDl5ZwZI
54:40
46:40
nQUXJ695QiA
1:13:11
53:42
OUOjej27oCA
54:17
1:02:08
1:05:09
_-_8DIDUk7U
1:33:12
52:07
tNyiYUIlG0M
59:55
jwlf0D41yIg
1:32:59
55:29
2WK3Ot5aUw0
53:25
1:34:32
sRKlfOTbsO0
57:29
54:15
rkzYYuv_R4A
54:47
52:40
eR5Ae9a7HIo
56:21
55:42
53:42
ISry3ZwMThM
55:00
52:16
aXbalEBbZlE
55:13
49:06
zp2XUBTxVzE
1:20:32
56:24
_3O47b-J_3Y
53:59
54:46
qWZ8erKOByo
53:46
59:10
y5uQhtCRBxs
52:40
56:18
CxgcZfTysag
50:06
1:32:57
KgUrFdl8tVc
1:02:03
52:50
55:35
y8eurgTmSdE
58:21
54:24
O3ZaDj1dcGc
53:51
58:31
oAsFoRnGOlU
56:04
53:22
UlSe43N1iS8
1:20:25
55:34
46:40
TsTLlyRFSjQ
1:00:01
53:42
fT5Sh6fKhFk
56:10
1:02:08
iLeMvrgvvMk
52:07
59:37
gw4rhd842oU
1:32:59
Ia_EHICNF-U
1:10:38
53:25
WdBkOXmvQyw
55:54
57:29
tgF0s9SDPww
52:40
58:44
Rv6S-iX3ML0
55:42
55:29
55:00
B0-iqS0g6yQ
49:06
58:51
7uZSjHdNHBU
56:24
55:26
LQ0i_8Jv63k
53:46
53:11
NV3pf0wZTdo
52:40
46:01
BSAtieOFE6Y
50:06
52:50
1Y9f3PvImT4
56:16
58:21
16b45n2Z-PM
40:34
58:31
Wv9bnS81sCU
53:22
57:54
Q75sAGO1pDE
55:34
55:13
co5ky2C_VAU
1:00:01
1:25:14
-QklRllGkp8
56:10
59:37
p_pOs50mudc
54:01
1:10:38
-gA8fJAM8Cw
1:39:07
55:54
Ld7iS6DkRhk
58:44
1:07:41
IrUszkQGNgM
55:29
1:26:43
ODDe6mieLIM
58:51
Ft0f-tfHjfA
55:14
55:26
jHgbn_jMNA0
45:31
53:11
QhUjd_8t4Bc
46:01
1:31:25
56:16
XXQ0dnD6d64
1:26:24
40:34
nCmiovVBH_w
57:54
9AXGNZk-YLU
53:25
55:13
SFSK30glsM8
37:04
1:25:14
0W5fvKvgVhw
49:00
54:01
MrSdDDoJLUw
1:39:07
54:14
1--d-GxUVmw
1:07:41
bo3fyB7mEfI
53:08
1:26:43
sYdIKZB1MIo
1:19:03
55:14
45:31
tXawYdAOJp8
52:32
1:31:25
MBynnQZi5CE
53:16
1:26:24
3xAFleHinzs
53:25
55:12
-emvHaAlmF0
37:04
1:02:38
49:00
Y9EBMbpWcBM
54:14
56:36
1fFPHAe5mHc
tH-fgVG2mmQ
58:10
53:08
yQkACpcBkt4
1:19:03
52:54
52:32
x30Mn8zCZB0
59:13
53:16
HU4CsusTskU
55:12
YG_vx4q43EM
54:14
1:02:38
53:55
56:36
bKLyfoRGMFs
58:10
1:02:26
PAyypzJaeB4
52:54
1:01:22
XygNv0Lj-RA
59:13
51:15
54:14
k5D26cbvTwI
53:55
ykrUGBE9ah4
54:44
1:02:26
pE8G3gQTctk
54:34
1:01:22
SiXLfSUhqKQ
51:15
53:22
FDDQcj9W1GA
54:44
52:38
54:34
jBWxY7Tqdl4
1:01:58
53:22
d7UOkCp4eGk
52:38
57:17
eugd8T-X0rw
1:01:58
1:35:46
BxthGMvYOuE
57:17
uLY3Zs4PeCk
1:00:17
1:35:46
uF8jNIa-MOs
1:00:17
58:15
lBeEtHWYuDU
58:15
57:51
57:51
ls0cC3jOz_o
50:20
50:20
XLSkVGi1wEY
1:12:09
1:12:09
VkfKATFpVwk
56:32
56:32
azuuHF2nios
51:41
51:41
PqBalrjZOng
54:29
54:29
Ev6-pRe3vmc
56:34
56:34
Jyy-mEqqESA
oYuKsL5QT9g
1:08:54
1:08:54
eocyOrWsQko
1:04:14
1:04:14
mIv1ukkJ7qk
1:01:45
1:01:45
1RHH7g6HC-8
59:30
59:30
POB8PRPJ6qE
54:29
54:29
cTg1IKcbAa0
1:12:41
1:12:41
OTXi87XoF8M
1:02:55
1:02:55
LM4h6tmSC3g
54:22
54:22
6oMW4MKENU0
55:53
55:53
Ya00LKk7g8k
53:14
53:14
0hQxdm8tPAE
1:03:13
1:03:13
POjdUr4BsFg
55:00
55:00
20uXdDhLPQk
VZorG0nJ8Jc
1:19:55
1:19:55
MpSM5vfzpbU
1:22:25
1:22:25
hQkTc8P6WLA
1:24:56
1:24:56
qIpTXwCZFCQ
1:00:24
1:00:24
ibJtqPwDcKY
57:53
57:53
ONLx2OAm8n0
1:01:44
1:01:44
n-ajvShSMI8
58:15
58:15
3gmCB8vrIRI
51:54
51:54
1GiHiPw14ZQ
35:54
35:54
8QkewPQYs44
1:15:38
1:15:38
HlOrZb33zpA
36:58
36:58
d2ITgOeF4Dc
1:10:10
1:10:10
Pz01d6XP0rE
39:39
39:39
pz3CF4M76Bg
53:29
53:29
47ovh2WEZV4
y41Hx9e2IIU
40:50
40:50
Z6EBR2MNncU
1:04:52
1:04:52
C0ijkiP_gxI
39:06
39:06
aiVkubHlWn4
58:54
58:54
19S9LGNy0Cc
54:18
54:18
4TZZdM0frGY
54:55
54:55
BcS674wKbd4
56:09
56:09
qNRJPUmLSkM
1:01:33
Njm5JSZWJhE
1:01:33
o4WIZqv8vCc
1:26:55
1:26:55
_iTL8B_evbU
1:00:37
1:00:37
fr6PgIECnqo
51:46
51:46
dd_o9Ez-y54
1:08:27
1:08:27
Sp8J643-ueA
1:20:40
1:20:40
36:25
36:25
56:13
56:13
54:51
54:51
57:15
57:15
55:32
55:32
1:38:57
1:38:57
55:32
55:32
1:05:17
1:05:17
43:46
43:46
1:34:50
1:34:50
51:42
51:42
59:41
59:41
1:04:20
1:04:20
39:27
39:27
56:20
56:20
40:01
40:01
53:24
53:24
1:15:07
1:15:07
56:03
56:03
53:46
53:46
48:42
48:42
58:40
58:40
54:18
54:18
1:36:42
1:36:42
58:04
58:04
53:59
53:59
1:22:41
1:22:41
1:07:40
1:07:40
52:22
52:22
58:37
58:37
52:31
52:31
55:10
55:10
57:16
57:16
57:16
57:16
56:34
56:34
57:57
57:57
59:08
59:08
1:01:14
1:01:14
54:19
54:19
1:02:06
1:02:06
54:44
54:44
1:02:01
1:02:01
1:04:00
1:04:00
59:49
59:49
1:01:24
1:01:24
1:01:33
1:01:33
53:55
53:55
1:04:34
1:04:34
WARNING: Failed to download MPD manifest: <urlopen error [Errno 97] Address family not supported by protocol>
P1wxXc9tcUg
57:41
57:41
p63axdO4I08
57:47
57:47
-lhDptC2F0g
s_NxHp9WuH0
59:04
59:04
JV8zy5TPbPQ
58:50
58:50
m5ad-cvUohY
53:36
53:36
4jj84GVB38k
58:43
58:43
PgxuoxroO1I
55:39
55:39
UzujdaDc36M
n-Z5uG3XXyI
59:38
59:38
9DlOwgeW4W8
56:27
56:27
fOqNPcybdWk
52:19
52:19
lqzj6_am9Zg
54:34
54:34
F3H6yXMrpeo
54:30
54:30
c8QOPowxtVI
1:12:28
1:12:28
d7aYXWKN5wI
55:26
55:26
fJAWAWOygpk
59:56
59:56
FkP1AwTCjf4
UVh9kzsRkCs
1:01:04
1:01:04
53:59
j7L-u9FhFHE
53:59
3aIwZlX33QY
59:15
59:15
QzFnR7SbcEE
53:22
53:22
0Y30aVsWfXQ
1:01:57
1:01:57
UhVTVnEuAKk
59:11
59:11
b2yBi8js9SY
57:27
57:27
e4g4dqrAfLQ
57:14
57:14
dXfVqmXzHmk
59:05
59:05
qa2NAENC5lw
57:12
57:12
rkwjMBOVe3Q
1:13:18
1:13:18
ruzUdPnTW9A
joNawJlIgyE
52:19
52:19
_yWIEE8sZPs
53:32
53:32
BpCUJzdmDE0
53:14
53:14
gOnCFcjEMFE
1:12:04
1:12:04
v2fzgamMgo8
54:07
54:07
48UlFerWW48
Jfk61siGt5M
1:03:52
1:03:52
WPIQ7RYDyjo
1:07:43
1:07:43
Ojz2GaQnWw4
50:08
50:08
MM7x3htBlkw
1:13:41
1:13:41
49z-szrTDgg
55:39
55:39
eSD7NVMHNCg
L86_CwJJkUs
1:00:09
1:00:09
QxJJvoHRuuQ
56:32
56:32
gLhE6BAepdo
59:04
3iW1d8jm-l4
59:04
rGni-Ewd-Po
51:38
51:38
b8QAGk2UIKU
1:16:18
1:16:18
htNBDJ_h_8E
53:00
53:00
jZUlc_MTjSc
54:24
54:24
NUlkSDgagsM
55:29
55:29
aiSDd34HwJE
1:13:47
1:13:47
5Z0wEKflw5U
56:11
56:11
RulEg-GJhKc
E3pCoYoh4Qk
1:12:40
1:12:40
chuuT89uRDg
50:45
50:45
mqzU4w3NeWM
1:01:07
1:01:07
6dmhMRRzk5w
54:51
54:51
8hhQ7r-jgmw
1:00:11
G4WBpSoBg1A
1:00:11
XKlE6LK0R04
55:00
55:00
ou5uJ3jqj0A
1:00:10
1:00:10
bs8vrHopUlY
57:49
57:49
bXsqvPaEE0I
1:00:18
1:00:18
cpitEy5g3Yc
52:47
52:47
6vu-Oq-UFQE
56:38
56:38
D9za0qZ-IYM
54:40
r2HQW7OEf_A
54:40
54:44
3YWcvYB2gbM
54:44
mRj9LfsoWds
55:59
55:59
pvFsf9EksZ0
53:59
53:59
KpDjN2WHbD4
58:16
58:16
F33_W-9nV4Y
58:08
58:08
glw5CNyk-ak
56:01
56:01
TQYkRz0HnwM
7_YxuAA_V8g
55:46
55:46
y6mFa4gzO4M
54:48
54:48
55:30
HLwpRAoqgS8
55:30
p_lSk_1iZxI
1:05:43
1:05:43
tarAPsKygzc
57:45
57:45
gxF4Z2sFNQI
58:32
58:32
jGcOdJTbT6g
57:01
57:01
qzTu-aJm36g
59:01
59:01
VG6gcJ5jWr8
59:40
xRjiMSVpe-M
4D42FgF82p4
1:06:12
9rWNxOCH8_8
57:44
hPAmY6KyOt0
55:27
54VVHUyVHGU
55:38
-Tv6OEASTgw
Z3SfjRdECb8
59:46
5jkgCHEIZRU
59:28
S2wBPmDhVbo
1:35:29
s3a2LHlpFrY
1:29:43
pO7-Cuzu0VM
1:18:42
gpbpv9v83DI
1:02:24
l3Q3m-f6cRM
cGR4Wr3itY8
1:03:36
QG9GfOBJ3B4
54:26
84y-wksuCBo
58:57
UwxhywW6nmk
1:10:19
onR174SZAhQ
58:10
fidrBKI87fE
56:34
H0lLC7GMVYQ
55:38
e8WSxsHi51U
1:00:50
KW4rnyVEkt4
55:44
39Ns8WJGQe4
56:30
PseSXG9RBEY
57:03
RuiTTj30zH0
58:41
vFNOPd0A67Y
56:23
9eGsXszwJfg
54:31
KxE3B93eIQg
58:31
h7sJE_Ena8c
1:02:21
6diW2DhCr0E
m8svya4R1Mw
56:44
L1P5Mu9DZyM
57:42
2xflFH7fBH4
53:56
DwPBxGGtkLY
54:37
ceDpIOjHXV0
s8InF0v8RHQ
1:01:30
mOES8ca-sRw
57:09
uDyeGbX4mfM
56:19
ih38JUYB3t4
58:57
H-gmWCtQ6c0
VAXpCsbiJ14
57:09
UOx6mDkxzJE
1:02:43
xzcP0FzYQ_M
59:36
Vfrsjl-9Cuo
WARNING: Failed to download MPD manifest: <urlopen error [Errno 97] Address family not supported by protocol>
59:40
56:19
Npc8fqk6wJE
1:06:12
1:02:22
_qu30nyAvOs
57:44
41:07
LlGuBDj684Y
55:27
49:37
HYpoFUCBE2Y
55:38
57:43
jOuUIlTKGcA
59:46
wJcni9tSqkY
1:04:52
59:28
nQL6G6FpyyU
1:02:10
1:35:29
9hYYu_hoc5I
1:02:54
1:29:43
QKhVDYgs7ac
1:02:15
1:18:42
ZKpflDJfTSE
1:00:05
pXyQRatd9HU
1:02:24
hmUz9yToFVM
1:03:36
1:04:05
wuZVz4cFyOU
54:26
57:52
Ui3UxOWmyNw
58:57
56:06
M2nULHXM6BE
1:10:19
52:12
QnuPJnv9htw
58:10
55:42
AQqR-sraHm8
56:34
Ub2I_hblaDQ
56:01
55:38
cobmTzobmcQ
56:12
1:00:50
DUwN0xUl_wE
55:44
1:00:18
NEhiMAHA5dg
56:30
1:03:25
xuEpJeKH7W4
57:03
54:42
Eiz9NIK3gTg
58:41
57:53
XjAKwAUljhI
56:23
54:31
LRatMc1cfWM
55:38
aRCUR19YVxs
58:31
1:10:55
1:02:21
2_aVzLXrn0Y
33:20
56:44
9jMKShUi0mE
34:41
57:42
ASVfhwxnjyE
53:56
1:05:37
vj5_u2J8A00
54:37
WUyzlZvs2A4
58:53
4TEO31gnsCA
1:01:30
30:13
Gt2xp8ti2_Q
57:09
31:06
8ZTG0lHJ_zs
56:19
5aooDOib3kU
1:06:31
58:57
57:09
_kz34iWXc_w
35:42
1:02:43
06PRdByGkWw
58:19
59:36
wacTDBbAcTk
32:36
56:19
dPjthw5Ch98
40:17
1:02:22
FV5k2P3-4KI
47:39
41:07
OVW5Wql03LQ
49:37
23:23
stZlDnuADhU
57:43
25:19
Rlzys4Sk9Zo
1:04:52
23:31
-jaoFVWvmjo
1:02:10
27:39
Gs2hdBfZv9s
1:02:54
43:59
B-zv0VVBwfY
1:02:15
1:04:29
1:00:05
jUJUiBI2h4M
28:00
1:04:05
ALp8awJEo7c
57:52
47:20
A8WiJbYvnwY
5_p0EgUqx6E
56:06
26:53
52:12
7MyT10jG0js
27:27
-harceAFcs8
55:42
31:15
fuL_7jSTJkw
56:01
29:50
7ib-aWtPrXc
56:12
28:45
vPbuxOPpOS4
1:00:18
IfTbvVX1LZs
57:00
1:03:25
Y5IqSw0Zuw0
27:13
54:42
UydkrLDDlNI
57:53
29:00
UTdRwAfYUBc
55:38
36:05
riufgot3CTw
1:10:55
24:36
dksVqEMS44I
33:20
XJdTVMF8jzc
28:16
34:41
8HnT1w9yPMg
28:41
1:05:37
55:18
FGAwp2Gz0GI
58:53
28:58
Y99vlaOjm08
30:13
31:06
31:50
yqQEEJPqgcU
1:06:31
36:05
6HzUzvSspVc
35:42
P9UtsY1BLPU
30:32
58:19
pWe2wohyPOM
32:57
32:36
74d-SZEWxuY
33:40
40:17
Dv_I1Cg9SCI
47:39
34:01
g8t0Su3JUqU
23:23
32:24
ymhifq_iR7o
25:19
1:03:55
23:31
kDDP4by1tDA
ZWmtg89MkvY
27:39
32:00
5JRUMzuE_2U
49:58
43:59
tOUdpEf6fg8
1:04:29
1:12:03
uDGlYqNCb3E
28:00
43:33
-D3biUY-pBs
47:20
53:20
wbyyOlFexj4
26:53
34:44
27:27
ZTy78GhVDeY
37:36
31:15
q1ey9_xY-pk
29:50
kyauQoAY0lM
45:36
28:45
43:34
Rz5560gk4Qk
57:00
40:28
27:13
f8YbaFDI6ys
29:00
48:57
phJy2388aKo
56:25
36:05
Wiw8Bts9aSA
24:36
6RQHOK2docM
1:12:46
28:16
5-f_GJf_SDM
51:14
28:41
tgmuNaAMVKw
55:18
1:06:55
fK4tuXQ_VgE
28:58
31:30
qfq7PFZCz0M
31:50
37:18
C3fopBIuUr8
36:05
30:32
21:41
kROunaffuaY
32:57
gmGEe7wgT3U
31:14
33:40
M_rQkZYR3QM
1:00:15
34:01
pcv2OzQJAaI
1:06:50
32:24
oqVemeEXcE8
48:47
1:03:55
RoqDTZXzYyM
32:00
40:06
PNb5vAgwhrk
49:58
56:31
mcMvhvRlm2g
1:12:03
40:53
BJUi8Udl4Sg
43:33
1:01:53
jvKR-p9NPt8
53:20
d-Pzk-4op_Q
37:49
34:44
x6XRuCvDefU
1:09:08
37:36
o-LU7dbN3fk
41:16
45:36
KuZrgfeVuro
43:34
1:00:22
VHypLXjnQ18
40:28
46:42
AxvIB2JIOXM
48:57
33:04
UZxGD7DYwf8
56:25
45:32
HYiJ8GmPSX4
1:12:46
YPpx12oQixE
49:25
51:14
9dS44c1A2Kc
1:06:55
57:58
OBwUowSia20
31:30
46:07
37:18
lo2XO7MWLHg
1:00:47
21:41
sUjFngqwMcA
31:14
49:41
14ItsyJeEuw
1:00:15
1:11:35
U6OLeXFIlSo
1:06:50
50:43
TdzDk4BOwRk
48:47
45:23
rl_rKYuIPj8
40:06
tBOW0EWb5a0
56:31
46:07
40:53
Hmt39NGI2DA
47:05
1:01:53
9XW2byprTAw
48:13
37:49
LueW8F0pA2c
52:09
1:09:08
KDd9ls4r-j8
41:16
1:02:04
EM3-BBQqQ0Q
1:00:22
Ovsp0lHeqzg
44:56
46:42
yH6_59eSjAc
52:05
33:04
G2RhKpfqJT0
57:59
45:32
4nwRz4y0gWA
49:25
1:11:27
wN66r_wI3kY
57:58
49:41
uS86bXXP9MM
46:07
51jZOzSPyZk
54:11
1:00:47
8xHG-r0SBxc
49:41
49:56
lB-8yoDwiBg
52:05
1:11:35
yD8v3hk0Stc
50:43
51:51
JXNMPbt38Q0
45:23
54:16
leiQyTOMCuU
46:07
q8CXW2_qb98
57:04
47:05
Iv3YRVlaneM
52:40
48:13
tIUvw-NKBUM
52:09
59:14
ZKxD_s-LBHw
1:02:04
45:34
nrpyh_TFngM
44:56
32:17
52:05
22txmQKquek
53:16
57:59
Cm8T-L7yHfc
51:44
1:11:27
F6aZGZQosdw
53:18
49:41
G-qX2NKMKDM
54:11
51:48
jM9kV7oqAoU
49:56
53:04
1hFZo3aVFv8
52:05
52:15
-cMOfyHE2Zs
51:51
50:14
P0lZZgF_r2Q
54:16
dJdqFx0cuwo
52:31
57:04
-ZW9znpHMIo
1:03:17
52:40
aSonNXSlTBE
54:04
59:14
yA13TMF1ZsA
45:34
59:58
AhEtV7UD6DU
32:17
53:55
00ow2xWFQMA
53:16
53:10
51:44
2iN7_PNpVSg
53:18
51:10
hh-j1FnPras
51:48
52:12
0D9zVUKTK90
53:04
49:42
ZG1VzaIVGHY
52:15
9nQHVQgabAo
50:14
1:13:34
j7kIOtQgt6Y
52:31
1:04:00
1:03:17
znC74UjoBBE
53:47
54:04
6poZNQItY9U
1:05:06
59:58
EtAwX-2_txg
54:18
53:55
m-3Bx3fF2_Q
53:10
HL8s1KShPh8
1:09:12
51:10
0T7AXnHi5DI
1:01:23
52:12
r9vcqUdieTk
49:42
1:00:04
7XLUHM2Wio8
1:13:34
51:19
gnmE-HjFpFw
1:04:00
39:12
mxmHO-3HPsE
53:47
zukLaBs41L8
52:55
1:05:06
0GjvOaHfWGs
54:05
81NN9AYrK_E
54:18
54:00
QoNzPgS79uo
1:09:12
55:44
1:01:23
9Ho8wuN3zCg
19:06
1:00:04
qF26V5CGV8M
51:38
51:19
hxi8afbqjTQ
39:12
53:48
dHNP0ZJlNNw
52:55
52:25
2Pn_Nc_8CdI
54:05
59:38
9xF9hUJgXWY
54:00
09d2qvGDn_g
1:00:42
55:44
F9Akrhb8a34
59:14
19:06
8iMN1GmZ9So
51:38
57:19
MEWNnE8j4Cs
53:48
1:00:49
lyED04JNnyk
52:25
1:01:15
bZRC89Xkxqs
59:38
53:15
B95bB34Eepo
1:00:42
1:14:13
4QnI8cQxaUU
59:14
VC8XHKg6dcA
55:01
57:19
FKCYNzuO5Cc
1:00:49
16:48
vEJmfyRISx0
1:01:15
52:56
53:15
EgLAew93f20
49:20
1:14:13
EwKcRNo8jIU
23:40
55:01
etFFGNaZKJM
54:39
16:48
WCLz0f5GNUw
52:56
1:12:56
ccHjf67YrMQ
49:20
1:07:17
23:40
gLQXtAc8lmI
58:25
54:39
8oZSuYb9Dpg
1:01:31
1:12:56
-0i6hsoYKlI
1:07:17
1:04:54
7lXgaSOqEa4
58:25
59:00
wFSlpvTg7mY
1:01:31
56:40
sFQRv-BVRNU
1:04:54
57:38
AHlEKkCyPMw
pKmbcOgU1yo
39:39
KsmFEWobibM
49:16
2oOt3Zh0q1k
53:41
W6Ig2hOKsG8
47:18
dxbE-JBNvHc
45:19
55:37
53:50
cCZOKSlTgXg
56:21
X2ncCVRGz5Y
55:20
QO4UN4Tl29E
53:26
WKMaSSg7Lq4
47:26
bqhGAfyqQeI
54:27
H7oS5BAvPhQ
1:03:11
ByDjWOBCu5k
1:12:09
1ghbcojlF8o
V1CrrpT8ong
1:09:42
Fb7If5-DMDQ
52:18
4MY26WeQS3c
55:37
MCdkysceOZQ
41:35
Vj9-xVAJCXE
42:20
QyBp79Z3mOU
53:47
wNh1QMqF95M
XUuZgc4MdYY
54:21
-H0cDBp4wPg
39:25
JVBSd5lPEOI
50:15
U8KCE9VaxCE
1:00:48
_g47gb5Bpsk
52:57
lawxIluw9xs
1:01:44
_hL_NfUfuGA
50:14
yGgrB51SbUQ
49:12
AuUEc5WO_OI
50:45
X-WKrb1yuSU
50:36
JiOLHBrbz2Y
48:23
3GpPIxjlWRk
55:27
FPSibJ0dOMs
49:02
511c-fnjDZ4
48:58
dPbcgqOYWUY
50:47
UwMvuIpsKdk
Ztv4lv1WdI0
52:26
srhZPQ2JCWQ
57:25
WAPGN2z6I2s
1:01:49
m7RqFFP_9Us
1:06:37
8zqh1tQ2mW0
50:19
bF-zvu1-xkU
41:26
Hqupzu7JluU
41:19
lDjUu0NcK5k
51:27
uYHzO_QJeAM
47:51
tYavwI7svdg
40:21
g4BE-7gyhpI
47:04
DXIKh18RFtY
KdcholPWh3Y
52:12
44MPGuX7wuU
1:14:07
aPqsK33lMQ8
56:40
1:10:56
LL-uye50GIU
55:30
_mv-dUumS60
56:52
54:51
9VIokbNwP_8
1:02:32
59:50
KudrFkh0coo
54:27
1:14:02
1rh0P97swPk
54:09
23:08
7P__ayD4b60
1:01:00
42:14
1:00:52
YzC7TNGXYz8
45:57
57:25
EvHc22hXvT8
48:49
54:28
l8IktNU0lLg
32:20
1:12:10
QlSF3t5Gol8
53:19
30:25
tteos-mqgqY
44:55
59:31
YTFoSr-Cw54
31:35
1:13:34
i78RD0jVYs0
53:21
32:11
JHnHkmpCwaQ
58:53
35:43
s9ovFFXqZ6o
1:08:56
rGyiqPVkaSI
1:03:34
58:13
eF34BupuKy0
1:08:43
1:03:20
52:04
y042tdcY4ds
38:25
51:57
3X983VF-sT8
1:14:04
52:35
XJO1gMeDtMk
38:50
39:39
51:58
KfcqVnLIItI
37:30
1:28:40
cRp1abHRFgw
34:44
1:06:06
qzQJ3uLbVRE
38:55
38:27
uJmBeMXa9os
50:36
34:09
wfLAOo4TBAo
58:05
57:49
54:50
wCw-jjvISTY
37:06
52:21
JrJa3soAxrc
1:04:07
50:28
ot5-qo8OQMI
57:34
48:42
9hoVcfNItZA
1:21:17
1:10:27
sIm6mXypU0U
1:18:17
1:01:58
O3vDjhx--TI
1:14:38
BXpFv3bKZOU
28:43
1:13:19
cZYVo_bfqSc
27:27
1:13:35
VMe_fu3pz8c
54:37
1:11:34
WAlS8rRpcY4
1:18:23
57:25
o1qVdNx92fA
1:19:41
1:07:42
qtV2aypNvQ4
1:23:43
znRwB0d_YeQ
37:28
1:14:40
s948eJk55qw
1:07:54
27:51
1:00:16
DmUtBnUfpTc
58:36
3d-YYXyVa7c
1:17:28
23:39
1:21:07
ziAtSXEvyPg
32:27
1:06:08
Ibs_X_NUxRI
LiqWZcmcuJQ
1:19:31
1:22:40
OZSGpWJygSI
1:20:24
zY21ZtosdvQ
1:22:27
1R9f_HPWQyM
1:32:54
Z26GzHooVFI
1:10:42
1V63l77Y5UM
1:18:33
iRYpPhcgqO0
1:22:49
dBbSOQ4i0gQ
1:13:48
WCi2sjUI-3c
1:17:18
iiFY14ra0uM
1:10:46
B_3KBaQ_4lU
1:00:29
Gr0LTsehcLg
57:52
KnYRTQRtT_U
57:09
yk2ylzMxgNQ
1:01:10
1PnBtkKa_Z4
1:01:02
Yb6fbnV6NCQ
1:01:18
1:01:46
8qDqHh-DP60
1:29:57
38hLnt7INu0
1:19:09
GW5Qi_1ihT0
1:09:09
tkSOFI9KlFQ
1:35:00
4Juuqj5QtFY
1:09:57
zTHjXqkVqCI
1:21:09
U1urcVrkKKo
1:13:24
xk_EqZVffIM
53:37
A_bUahbBYXA
1:09:39
oVN0D1JBVgk
1:03:18
oW-xLdl9DmU
56:37
yC5ibYXzG34
57:40
Duzh22QleGg
54:55
kQqp241JCgQ
1:01:58
51:33
yitnVLgfarw
1:00:48
N4Lq2NktjxM
1:00:46
mgj_4neIUjY
1:20:29
SaKsAgA96SE
1:15:14
aL8vhSt-zZw
1:18:21
acnefWRmbVQ
1:10:43
qn-KAamGwvQ
53:27
SBHOiHdyxp8
1:12:23
c6To8v2-Fos
57:58
TvhHdiVZQg0
1:12:45
j_0LuPV2_HI
1:01:47
3Dj52-HbWJg
1:02:23
_kw4OHfeneE
2:08:06
vVbwoZU6nC4
1:13:17
mEdhIGJbas8
1:01:31
LD4XNH5KNOA
57:46
aY3k36rudrQ
MMDcIQZ7VWY
1:30:02
PR7K7K4QRSw
58:13
4MRi6lDVIog
55:43
NFXUfBp5tzg
1:21:48
uY8iwY5_ErY
1:03:15
bwWg9QkKIls
1:34:05
bywTqGvFb6c
1:33:06
rwVFbv1J2iA
1:13:40
LqiHjYFuIF8
54:50
51:00
SEL5NIDKhpM
1:09:57
kz69kKomVp0
37:15
tLF3Sm65YOc
1:15:25
srdEUmFsvEg
58:02
ILCbTdVe8YI
1:01:56
l5ZiyB68LCg
58:02
-lMf28zeMKc
59:49
nfhjF6egp30
1:00:27
RfdLlg5stLo
1:32:08
GDiq1egJf8I
1:20:56
aCfrrXLNeYY
1:00:45
Epl83DCXgMw
55:01
IeQw8O_TQDg
58:25
NGUZ7Cen2bw
50:29
AhiGHDl0qck
58:37
Pjcar3APfoc
6vAcd0-b90k
56:49
ELxhzsjN86E
1:00:41
RAigAnY8FRc
1:00:05
SoosAl3g1P0
1:06:12
mfPUADDC7HQ
53:39
7Tq_19L8JYc
54:53
WQThWceD6lU
58:58
Kr8PCDvPG9c
56:13
0Nh6o689K2Q
1:03:36
wJ8D2P91z1o
54:35
gkwNUcEBBbE
55:44
iinEONfNV2E
54:15
9niiumSDZ2Y
1:01:57
yG9-l1bn8-E
1:05:20
ZHJkLeCuRo8
56:10
fpHy2Dw3jYA
dG7yDOrpWjM
59:30
59:10
TlQfEEmm5wc
1:01:38
bHemjdV7_yI
58:40
O_Cyj-WnzXw
1:11:25
5LdpkbAcraA
51:36
R4HROADlSVY
54:21
wfM-6SH837Q
55:48
RsyKuLq1_Ow
59:20
PWWDy4HZKZg
52:18
C27AhIXf8lY
55:43
TXF5nUmDULg
42:01
3WuhT-H77NY
57:56
54uoZ6gyeYQ
38:38
cwNIpOEqRwY
46:37
seiuojr-9N0
59:34
PdSzaqxDsTM
47:19
gpgwoCE_t2Y
53:01
O0MobwIKP74
55:00
iFT2FjR-8ro
58:11
8z3HSi1SLQ0
56:12
cfcqwCraD7Q
52:39
JjhS8DsBJTE
54:09
8zU1wwP9Gf0
57:09
Ybbw8XQ48u4
53:10
eFETGhmpePk
53:54
JtLQU6X_uqA
53:04
brA2ZY81gb8
33:09
FS0df3y36UM
57:31
v-qUDZfG6Kc
1:16:05
3mBF8vGdD5c
1:09:42
lshIb6xqVzY
1:02:20
qdfFkT-Zano
55:08
TcpvpqmYTCA
55:25
j3iCh3sZvXs
56:37
i4FoHJ7FuDE
53:17
WEplGmqWpr8
51:22
5WHduzcSSSY
56:22
KRWM1qT5yO8
51:23
VadOr_uzaxM
52:43
mRrMWz_LA5Y
53:05
zBm7LoCVW-A
51:54
k-4vAawTl3s
55:05
5jhR5mZz4tM
57:05
gafUxsUOJIM
55:04
PRev8Dw9d90
57:59
0RVOLngA5ZY
57:01
XXgGEg-reK0
58:17
9VUlZVl7zkE
54:59
1vMui5MJAic
55:42
GOUczMM6EBY
56:44
o4YNTpPHr9s
56:48
KIBDxxo744o
54:39
6S0zZ_WnEg4
56:38
EMgn-fACrH0
56:17
SgoNtrzek9o
57:57
NTncrNcmbFA
53:47
37Xm6D2q8_U
53:46
ibbY7CsIqqo
58:34
u6Da5Gq2uag
1:01:22
xkn0yV7SvRE
54:24
Ckpm3QmrgeM
57:29
eO91iPdoC9Q
51:15
X7c1QiA44WA
55:13
FkrC2rL9wNY
58:27
Jg-5TY4BcvI
55:39
Gz1DsW_SASA
1:01:22
50:06
XiMhgLLWVws
1:00:07
s6IeYJVncvQ
56:41
hctwaRyuipo
1:01:10
WIWv7NP9qDI
49:17
-nvAJ7fprZY
54:46
nJlB2PwfICQ
49:48
fvurOPCsgfE
51:32
iFOtCiPfhak
58:09
zOv7mrN0zIM
51:45
l5NXqqYsinU
50:37
fgM7tKgDF_M
WARNING: unable to download video info webpage: <urlopen error [Errno -2] Name or service not known>
WARNING: unable to download video info webpage: <urlopen error [Errno -2] Name or service not known>
cJOa2LjrpHg
PqEzvNtcLEE
g1iAWcu6Z-Y
zXddGrKqhKU
JGdc5v_O5CI
ZSeOa2Q4LRk
KMha74YgB9E
bbU_Np9DGJk
w26v-9DLmoY
FH8GEXuAaNM
GTNn9OauqkQ
3KP52AIXCq4
VR-oZTXcjmE
FnHUgEllsvI
zzD72GA9v1A
MZiZZQAYlAI
QOBQLXrsnDs
JUSEWVKZ4eU
hffKDQXK4DI
-4nUBEDjaT8
cr57DILoOpk
A72WK6foOMc
oBYkJw0rIAw
GL-r9pfWBAY
3JoV6oQNuR4
6M9_Dbxhtt0
szskFJc25QA
BtRrMAhfFAU
A_NDV3IHIm8
qQrvtBkA1uQ
3An2TM6xwB4
B3NLLxDCUHY
vBIgzCES5ZQ
f1NeYV08BD8
itu-ewKjGLs
8-fMrvbO8Oc
56dkKkG-s2U
DpBdzSxJHns
mKvZftMGPdA
857PUAAX_BU
ZzPBIP-HlkU
gSvgrbvjUHw
vb5tGvczvU4
QkD5eOcbpvY
FIZlDqFmkLM
Ew7OF0-fhL4
Ux6G56SZ_SY
gsa1Yj1zCXU
U9vok-o-Urg
50CV0HbaoTU
00HKHp1Y8K8
lp_T2HOMj3I
CUmFc3YxzT0
jSTDfAF9Yw8
Kvbn3lN4a1Y
KYaL6ULeZug
ZdHoXduYh_o
I4_ua-9xx48
rLFL1UYSDN8
L5pw7ESiZGI
nLwwyqqGmBk
ZUngoOIAsXw
v6Iq5ai58Mo
3prGHtjUQKM
LVR9b81cJkk
Evk-45Nqd80
FG58u7Xj8N8
8t0zxyZIQuY
Wyq9XgQmZNc
zAeFoDk6VaM
HrKznyB8iw4
ohH29c9mEiU
sAVSz-CwlH4
6g7DkHhQAhw
FAZFLffhG4s
tRdmyNyZD-A
3EQugc7cUGo
q4JqlHsyBXQ
blI9IQKRSOY
_87xsxX1ebM
6b1tPuJ0ulg
bl9ZitfcLGs
5I95bwigI9k
njXmEYvBtQs
r_ONYQORRi0
Y0iBYbR_qr4
Iyi-7fDhGL8
CK6MBaBdof4
HvBllMXQjg8
AW11jBshxyg
oNfnLAykLFg
eikFI3XNutk
5btfA5eatqU
q5L7IqgTyI4
YPTLeFHRjMw
qzwuB3sHAb4
_pXffVOPILE
9ifG_tnSzlI
i8dFvhWEBBI
lhK_bZFc9C0
GheLL6YXYJo
cF6Jqps1RgA
56oS6dd-K4o
-ducaIzAe-E
vgm-AoJWh9k
p3j1YcFmOEY
iTY7ZZYEuJY
Lopzu-8_bEo
eC-_xcDMTus
R6SCu1suEwo
5-uYpJvdjs8
m2hkny0VVTU
rk0n02OHoR0
wDE_GmBmmjQ
ufaN3rcHoFI
EpZlEFuFcJw
jqmYJXnrsXI
0CP1wMFOMCs
2eML_wRSyfY
KmhHBsyPEZw
zROW5_AISLU
bHqiH8lHv9Y
mbvgR1IVxAo
C25GBP_LRx8
IS7xfZVlRO0
eIwPGc182QI
2OouKo-O9UA
a19KqPXznhk
E6atri3eN_s
16OK6JpTRrg
ERROR: Unable to download webpage: The read operation timed out (caused by timeout('The read operation timed out'))
Mz65EzTUTSU
oaM6eOSXI4A
B1qYxGPstso
FCF7gxVs9Go
ZhpYNhQ7Dro
lywBXfxLC7A
u-zWixJoFg8
6BybLQxNEIE
SVALWtSs6Kc
r9aGmmjFAds
1QLSKB7mwIo
JTw194l9AKk
Gynw3w5sG-A
cRk2l_qv-5U
235jUW66Wbs
hwyrZsxwWBI
qPo8Bitc5_Q
BGeEmMKJ-aY
qn9-jwh0MZU
G2fLnpc603g
JrhdCMnTY8s
WJpCBs55KQM
6ls0HU_PKpg
QwclW0_AYCM
bs0km2gGD50
242uMsmKTBc
S6pa09qQl9Q
0PNQem7TQdE
PG7h1IthCUE
IuAtSq36B30
pO3KSTJkFqg
NR26XmiZLJ4
_y4X3QkkJQI
9kB_ZkSzPRo
5Mq2H2hzBFo
6lFS7lsJU-g
S8W7ol8rVyA
4gU9NTJjq4Y
8aMkzDrXT8Y
NkZL3md7fc4
X2AKsb4VnLo
oasRwmaHkmU
a7Z6XcU4Ywc
w8TxUnQEMAM
Hx5SWM2zbGw
UNwqKp1Lj94
imu8Sfca0Rg
q1Ck2CH6jME
tdRfqrwD344
fXmpGdrddys
B_LKcV8DMgk
a43AXRVvRSM
qtifALF7kgI
U9-Nw-Gkz0M
FTeSbC1n3oE
kOrNg8VrsuM
Dta2AZ7WvmI
3WlaoQkSaZk
5gSmlYvOmwk
a1ykGFD90I0
ZtD7cxPir8A
wnU8wjUXlsQ
EHKww9s1SOU
a5FgoPPFIOU
D8fI1USP-nk
p9ulKv2Xmds
DAQNs4GDii0
AV9nL2lYBH4
Uq-ctnOr2O0
xyRu1o0Xqig
Z3HU7SzEZrw
u4C1cGsCWa4
UjHYwT1SW64
KPWFyEToaT8
PhG5kDWzbss
oIfkpLGXrNY
TF3QQEK58r0
3FXogg-xT7U
-e-7aEvE0Bw
mROThzLOKUg
pOdVPBBQfPo
T8LtQBD8u1U
JODivzE64gw
SVg5559Ws-M
AGWouwuyIRc
4SUwg1nN04M
X_1_7m6zewo
-krA1zh_Y9E
gBK2q53w700
ZoE-km9UdSI
XcG1AabD-rM
YcqGIAWn52M
PfYGjBcTHio
Bham5BXa-MU
YBv0wPbIRbc
8GGby0q8fVk
MQcLt2yVJCE
Q77J8jvYjv0
KDC-wFc7XLM
2uPIHytyGW0
IaRmEA_DvKw
74ENPEHXnnE
QylIC9oqPE4
j6_jkOU6tPY
ZUkq5y4UHpM
vMHPjUQUgjc
44DpNpFCzY0
s1ZuofU0DBM
fJdJmQTUhgo
SONNDL8pGAk
MoUMyKCXUDg
FPQVqljyAUg
q4GS6xH_rVE
L-ZayzEBWlM
lCCYTrmOgPY
zryLKf4AB4g
kQ92wys_6IY
YoXO6UQh4MI
0iHIXNwUhrI
Akn1OMt_Ut4
DYaBx-t80x8
LnDMC9Eh814
uC6GQbKlzf0
UgGpfkLR0O4
wRKYLxfGUJw
N_8SEYb9lko
-7N-M08_0b4
Lu-K1ZPUL7Q
ZDzew1QANxo
RV1DZNCJTpE
GrPFo7GR6Eg
hhCEE5Txm0k
gP3Kw3kb0zo
9PU_ZE1ZwrY
hv3bNSnnQAU
8IldCZwgoCA
_ixlQX_ahts
6nU-YZUjwzY
7ZxfdsGWeR0
3YvP2DMltUc
cicqOcHsTJ0
lO6vjJVABdQ
0WOqKCibMpI
ayFf3n_kgSQ
UMY4pnhwNkM
WgAwuq7PYiI
We9bLlE6xAw
OFQIzHiAl6s
rDGlJgZm9VU
nwcjtiVPAHQ
z0zqWxa3iSI
p9HBvNkjHgo
WGaAfHFBDU4
pe9iW__z30Q
DBLpTt2Dun8
eXMyQZbedZ4
IHH8qQ0hnOI
yH4g86n5SMw
0u2q2mnaHz0
7zwHHZidjMw
IcyhU-6A200
zuTQR_5euyE
B4k_gzW8ZVc
9JDc1YpNvhE
-rXW1kuyPrI
vzkGH2d2HAI
w0XURVM-csE
VgQHDO3tqLI
qqTv1OfqW4I
snZ2M8FZdIE
KYud7T8VG1M
7hHTQX2MDTY
SodqdykvAc8
OwXLVM-vp28
gxq5Iiark08
Gl3TS4K9WUo
4RcPKjkAlyU
t9barSxOjJw
UTpF6kur1gg
JQYlFe9vPdA
lMZYiCPrTTk
3AokLo4loDE
YS1rweHAChE
v8yxUQ5YbAU
VVrjGGhIs8k
qp-pqHdgIJ0
YTn5Lw7kswI
oNQRVimfHR8
wjLQ4cm2HWY
g45eocEEXeI
pkhSuHHcUjo
U07vb0V54b8
LZqu9O4wDeI
iO_AyFu67ns
LRKyE5YwcVg
A5ZhSUz8QU8
9I5VIn91GV8
9m1zHyTYjTc
tNudJg3DPMo
gkBvjae6tf8
IQrIwjd2paI
22C8Kx560oo
FiidwDOl47Q
CZ1-meYlt0c
4SwWCkIyoIA
pjRoJgMBBDI
3N2uZTtZSOs
gya-8oS35ic
1mnymHT6ed8
PlFOv8pl968
RW3C-BCkgOo
CC5N2o4fpN8
aSd5camlNLE
B_A_MCXWCiA
yW_p6dTlojo
AGu3QszxknI
iSjuJi0XD5Y
wWnFJcKqUJE
sjSLa8K2o1Q
OC8k2x1ylIs
9IcFZoAbQRo
vaRs3gb5rrA
qO5B9xsdIIc
xEUdiKtMkDk
kPqfC9K7qpY
6XkaWcxED98
ItVRcW9bdSU
rA-VZh96j8k
9vtWe5XBrRU
7jwr-1hhZpw
2lWW7VkIFC8
-68ePIiwerI
Se-yXG26p1E
VILemo4ZHTI
MqUQLrvAkPc
se1IJ8Zg_vI
AxU1QNMoYVQ
yOQijMtxna8
rbqLZQWZ998
J0a7UlqV3ts
eAN2-GxHmZI
wv8_jom0uOY
iR2YRM47Oac
vDTwjDaS-2M
6uHUEgjN0I0
2-iYnIrw8mk
IeNZlCr8GqY
WQNwCj6kp60
8L_lRNwq4iM
gmW3DAOd9Pc
cIs0tKr1vEg
gWu31RJ1anA
sSS6tXIMAfo
7d75akTTlXg
mLwwWG4-S0c
pvb-BXuT67A
Xine14xjJlw
A6mCwDXPcaQ
2j2muM8ep6A
JRm5P4fLagc
A-w2pboqtr4
fGMPni40HuY
yXqRbk_1zIg
eIGZQN85qz0
3xGp8ljTE4Y
k5bqUHqIwNs
N5qbVUrMFhE
gySNLGWTcnk
IhlZR9YHFLY
sb_67tA-6J8
H2M7z2nmqtI
6ado8_RyDFk
DSp5XtH91jA
47t1CIj_pS0
DGY96aZBoX8
yfA-j13ROAM
cd93eZwzuOA
libmiDSUQmM
zHrIFlAhGfo
jX9aW8rIF-8
uEnuhG-kqcY
JTFTzsudwf4
Lt5GPUqcQec
sLl-77DmD5E
RPBU2MNMr_g
-XNNXTtGnGA
9E_iZ6f5CWU
PI5taqVy02E
QppifzfcsZE
bF4htiyZWR0
TcAi6ML_0Tk
uOpKHbC97ag
jHjSPggid60
4WI0maURThA
Sa0OzQMdcug
05mv5xK9EaU
rsP8yxcgNWI
stXjLW1AeWc
nefHiHsvoGU
pWUQItRIYb0
73F7LhssnW4
5xd8j9sbVUk
WIi2vgXrUiU
cSBJFP9nn6M
IM4diclrl4g
8HQukQcrbDc
gw9Rgg6g2uA
lq8scKJI7nI
_2yfoR_OBzs
b5I7yQrFuJs
C3a0OxN43ak
avP9ynpIIhY
j55nlGap5sE
yVMPnPQuVKA
KkJvj6W-m4w
Cx1HebBCggc
uQMw3R01iWE
d4yb3FE_eX4
s5u67khcqVw
6F8uBe02fbg
l4o4Kzo5n_Y
ErgcGRL1MX8
dgak1jvMbnk
M2svslfzJiM
wAf3BdNsigQ
-1CuOfPu52c
gc_PMa5gsSo
r7Gku0YFajw
Fwft8HQFnlM
fb76USDyxts
UQCOZkaaxEY
l_-RFdIKAfk
6Ka5zO970oE
NcSIXWmm6-s
LkCC-rwgqBs
7CLbTWnxtig
3E-q0E5pD4U
5Lao8c4bQg8
8BwEuL4kun8
HA3YUZRoYQ4
5s1jxcAy_1o
195h-lXIrog
c9wjTTviF40
VXb35GgTWLE
KQ3RTD0kUk4
3_OsSY2qgRc
PvoNoa_MQiQ
RfTqGf_87vM
j5a6wbpwUG8
OLaRZMUrFlA
jo2Iz16w26A
VmGmIsPU3Y0
AX-C2XjTqxk
9QCTnhLpuc0
OIoD2irWPjw
GNGsoFIF4ls
8cJPWnlzE2k
AzCHP4ZZbqA
xIP2evxOjUQ
hq70VASXWdY
5gp7S_7AVaI
sH3V01dL1q8
-27dAtVxAqE
upKEvOu5TLk
uOmEulC10lU
A3Tx4O0H97A
-hJc0Zipj08
4pLdS0m3nkU
VNrEJ3TxBPk
1c493EvCyfE
rQR1qPP3sOA
T3C3RotuoNM
6-LRh3blB9g
S-XqGQcCr_4
YLsMgIQ3Vw0
hWR8gVle_mM
hANi1JZ5kDs
almHIkEde2w
YhhtMtP3E6U
ofgzTPFsbf8
IPsXj87PxVs
Tup6RXkqH34
8ALHX6iV4zw
UdJMqn2d4rE
7JypM51A5mw
4ZRwrYPKRns
mV3oGC7C5HA
1wSl7tRVh1k
LvM_K0IH_H4
H2rQnAApkPE
OQE9a_L1M18
4NC3Z5CY7pI
AArX3Mm94ic
tt_Ntj-fjog
kESn_n2WM-k
Ze1TWk-AZFg
ljNliLsh4ns
9NEBjPTVUA8
eJp6pSowD3g
iqg8wtD-6lE
ZJvuvvO2Ex4
Lxf_O7_4Amg
TQ4ASjd4vM0
u_BSwxBuURs
ndSoGacXeAU
v_PKrJ_n5EE
pkb69moWOb4
30OVB0JaC1k
xpekDvSC4DE
JUrqXXOdwGs
Qx2i3BAE6VE
LRXxiDuOiYM
3SY4H5I8YII
SDGECK-x_ak
l9WabpbDgt0
T6whUpTPCks
C6f-IFGtcdk
nPASZs4jLTY
d6e-r2KrBCw
wILZ3oKm9To
KuuHvaH1DCo
C7XFih4iVGs
q1sFb6LgpsY
4ebhu3Qa-kE
OPF2cTubpwU
4oXSKm9Ll6k
ZZbcaVbD3wM
NXiKqf5vj6w
Qf4cMgsv_24
3Irw6yXJ5EI
T-kIvSUz5tw
iOYAHGbMmGc
Gq5lODq914E
9mZjVpyjZrU
dzLBHICpSqs
3hTs8HMjLPA
gBw83oSTA9I
jC_evVhaViE
daWvd-efWHw
ZfkiyS_s5wo
LKS_8neEUkI
HYquEbI-vJU
jOYXqqQqXRo
gGvess5Ipe0
mMvqstA_y1Y
RCYt2ZrJLtM
Rqh7gLIZDJo
PP4-wkbCJV0
GCZBAJ7oPfQ
bjtVviWpRu0
prbOkcUkZxg
Qj3Iyqn6Hg0
Ym83eeEpgPI
16HuZ5p11To
RcxCnVpAbBI
ex7FSZC9uDk
fvBdRL6ovVY
1c21B7XxH20
Owh_IpYG7wA
jNPLWKStUUM
aWfH7e2_azk
UY7ke5eM2o8
ptJyYA47Z0Y
R0cfG1v2cjE
H4OnM0UWrBg
MKcVvmb1HO4
tymjzWcof4Y
oCCWyTJJIDQ
YkACczKGkRM
i2Sb4PtuW_4
psar_vZLoZc
S1DdYQDDnTk
gJmx4lQ6-6Y
M5iESbXPjsU
svpXmOwFPD0
5hdtWC19KDY
vq4MRwUPFE8
dpHNjLOxGag
shmn9gSj7GU
s8zWeh5wtnY
MEREix21WuY
q58HKCRvNMw
eiydVQCQGNM
5emoB6SdojM
gnNnFmapMqA
QvBVZCI1Gk4
E3vIRhJi0z4
SKOCOWx_-X4
HsraJDwydWg
jcoJ6fWND7o
pJlKIR-rHWc
GhApKnKW2aw
QeWM3wtILQo
Ne-OEsZ13jw
7MS6DDULmaI
VDLOXta7tjo
xEs8iKX6U0M
fl_ND9UJmqY
dx0LtoslY0Q
Y5Klasv_WVM
2lgCZ3drVoU
5CuoCXp1u8s
f9cwypMCL8I
yii0Yurm-Qc
oumh350E798
sdHxgpYhJ14
4gjlBCqj0fg
ph8ooWQ3ezw
PLdHgqvU924
kSfCRLntAxY
2cS-4kho100
tRElvabkH6o
ek52GqeTr5Q
g1s0Op3WjA4
sPwQIoKsdlQ
nSpogXIUGjk
_bAstblpIws
m1X0tE6JsuM
i-n9lrdLxQI
r2L1zT5O4Dw
tLz2z86TQlw
BdgIe2yVzbQ
ibtsL7YRqDI
5E48fzC036Y
USZUI7dyGAc
25IHlApIy0Q
CN7H2myIRD4
1RU-oQr-E3I
R01ewaytHi4
sBHk_3cF6oE
S2chRJWQlkQ
7L1AjJVH884
dnm5gO6X3xI
OGkt_oaH5I4
DnRSqlAb9k8
nj3P81uFYVE
n-rpH9tVICk
ZfEmbXTeoTQ
2-PSzard95I
m9Byul6x9GE
hE1hWboR54Y
lDMwCOS4KII
UpbDQ6O-UmE
NU2mQGoG6f0
vAw_Hfh6_hA
8sv22S8_8Eg
imA56uyt36Q
4io8RDKlTJI
HheOH_GJ0ZE
fOkU2SMdiwY
sLIfwUdqhOo
AoMXGKFRDhA
FMWXqGh0AJ4
kHsWlo3ijw0
8aWxh82g4eM
S60n2yTcUhE
Wp_tXOTqX1o
jlf9mpklJEo
RUA-s1nqGyw
9Pv0omh65QQ
B3Z2PB7UgH4
lBm3JBBdZHU
i1gWEOYAhoI
mu_lSNkAYtY
JxTCYDJzPS4
RQNTyk79UH4
8KbyqPoZBrU
_wgyApj6onI
N221fl9SIbQ
4k1ChFLql2E
9ugy2Bh-7ZQ
ukRAXnRavdY
NUceGNrCw74
6fB_LMh77is
Gs_FKCMxe0I
PzVU95cHSyA
duVY6h-dmPQ
0nsJz0QYPdY
SIS_HFAKoDw
bzvAUmDlMp8
1GBnN1tNUe0
Dx98HBjMQKs
gH9alTrn-O4
P4U7vcKQv-Q
SCk4IFK-BnQ
-XzLSCleYek
h8FDpriGsHg
pejGdyu7QAU
ie8o8dTRD2s
UKMXwKZUFcs
ABpOp07zEFY
2G-LGkbreqM
jjxfPAxONz0
BeuIU4RzpXI
8UNiARkI5Fk
N0XWZsQqUPg
ukdRrWnL62s
XBtJDEdFqE8
XgtgzPAt7Mc
LjgBi_tyLBU
xmhHy3Se-l8
j1ANzwt9pvM
yDLeX3qaPYo
Y5RuENdC6_o
wQ6rayTLRq8
6hCkQGt6bS0
7G-R1VJgxtQ
5C0z-_I-4Cw
K010UGgaRPY
6dPmE3ASoL8
PqujffY1oDE
CkNXoY1q1R8
SOZ2BnY7Xo0
gGqBF1CVaD8
cIgNMikWlOU
TAwJM7Xd3d8
A2NSa7npbnU
7PCForwqsE0
cl5agU9wWzw
IVGLjKglXzU
xjGUKDZyFUw
aLoNk2DAbR4
UNS85Mxb7Es
TtIqyKxQn7c
G1U_scJCHo8
z0eg6-hm84w
SCi-LYCYtsQ
HJcSPwrwJ1s
FebwiXyE5DI
DIHoFm0KUes
dN0bi0vK0zY
TuCPqZuaXZE
8hjYdL196Oc
aDPj7q68gN8
N4KdDZPI6Tk
ghYwnd34EAo
JmdFvHW4sD0
6EdTM4bFPt8
WkqNGIfDWBw
kjCzpif2GpY
bRJKofwzR3Q
-qWpWnGt8vk
HqAOLaMbdHU
M6Am0BAnq4s
lvH55I-L_ck
gUpUDOktKew
PWDwuu92jlM
cf1Lwi416hA
8I_-du11duo
NtDdXN_OBTE
5QDmKlh8pzg
cLu0q1Iy8RU
iI-Nr5XEQDE
gKLHLk0pcFM
2cU2Vl4mfRU
m_8LfpFOEBQ
bLTyb9CctZ0
QaNBRp_iAls
Pxxo5v3xY50
II-CNVNZU_U
Wi4yaUDzpH8
r66WlZevUrg
TJBq2EX11yE
H3HFJYpBsgM
JYsB70a9qjE
FI0WGrNwpxc
4-gZOrzcSjM
1teTB7oz_mw
o2EX_abLYYw
LyvD_M1CeVo
Wwx9dA0jcQ0
VguTTZur1UI
S4_juMQYOgc
LKbcFytqhiM
zI1OyGzpU50
eGw92ThgzmA
A1wms4dK-SU
TXF7ca-mRXQ
r1Nh66Hp1PU
QvqGdv2vjbw
8CiSK2luHys
UiakcO2FAoE
vNHKxJzh0U8
YaY-N5UT05U
tnX-Zm7VXug
AqLI77gJJxw
5FdJxXcbIFc
cfK98qVEjXI
UXfb3CbQ_Uc
CzuFsXQoj6U
hvnDz673pOA
nwVI6w1KmMg
jgTuoIRQvos
sGdgV2ejnPM
dFicfnp8ApY
lbEI4bPL8yk
YY2bMTxJ70c
ae7kZBGA-A0
73R04LoFuls
b-HQpdl9eqY
gmd4zt_LXJA
Dz_IHSNtYPI
-YL3pyVN7Xo
1LUIqSECU20
5Ud366_WTXs
R0JLtKECN_8
WfwDg-AJyuE
p_S37lP217E
MEylqi5BFUU
-X2QguKQoDY
tku0nUyRwfM
s50l2WDwFqU
uNng-Xizhik
tiQsUssY0N8
ruVX2aHs8zE
cjYfBA3lJUA
omBm56WjquE
eqCUAPyX8sE
OaJsawiJDEs
qrdiZppr-xY
hxPNv49vqLA
5QbHUh3DrV0
VGMEwJGUc_4
ISnJsA_rY-Y
efFzwPi0F1M
tsvuHgU3wuI
03vnWgf_ny8
olStaNK0MMY
Ffo1Eex-Zqs
EqVEjL5naaE
hY8Hyz0n9J4
DmGCMCb4XlI
hP3omR__2zo
6oU1ULncd8Y
Rof44cKQQDo
YBkZui5Lhys
ik-6GMVG_i8
h8tgL1gOfkc
zc69c24f6TU
3hhcOwEwbyE
QclkPriIk1w
AZ2O5y6fLyc
58Ygj-4UPjY
aWvOdYaybVY
dGMkbGJf9PU
ELSA5MRhoHo
kfOfNIOh-90
uE-q5qkRbxA
Rzp43va4Bxw
rxgu_w5yqkE
q9zBaemFbCQ
YxuqsD0TpAQ
kvnWEWu7s7g
i_MQR5oZvr8
W6-MZ-Tsep8
zfB5Wq_WQHM
aKs0qv9ugLY
XR82YisuMg8
YIs1FfflOa0
L1nhfBFj2UE
QciZYHtjHso
FKeRj4VveKM
sZlVNRLkUyE
_YBcO5G4bRg
Hy60NN5x2R4
e0qKwuQNmZg
ld9wNztkhVg
7eIdFADbs4c
hItAy_XQGbk
JePU8ASQczc
6LJVDnVkX18
7_X2VwWLkZ0
8k66JnrqFYU
6igeIYvz7yY
cNVK9tnsrpE
HvYLj87Rylw
Lh-Gn3o92oQ
zzPNYDNaCKw
bWZzo_wGvpg
LHFxT_I06PE
WVVFWNEK_Co
-Td-xdMnuB0
JeQOtEe6uQg
gosJ6GdrFXg
ISwrq9QXxWM
wE4YGTollRU
zV4NK7lMraQ
wAF3OxUFLBo
t9RW-wvvDVQ
dosOQvFSlAc
iA5daNL_-RE
LZ_Qhu0W8yY
-Zl4JQZmT-Y
yVyb0JeNLQ4
_nTPI5v5bl4
e4C0RiC7l5Q
CdWZhwFPwcY
ow6iKqXXlpo
4XoNpVHJuFQ
igLVz814Hyw
NLjZBDSxBdc
D4-na84bzps
lDMgVcoy3G8
hIJPyS4mT0o
x3lj1EZVJvc
EP8VPUA8KyY
SFJEkuWxsHY
gsyU3En5HLg
QFjrmpi8h2k
780lSm0pG4Y
i5MTiacCFYU
FIXluzJvkUU
I-a7XGtTNXo
kJuvJHWRiUc
msqstEplefk
ZdgE5TPV8yk
NCkIBvrZiSA
L5r4YWNggR8
N33GPJKW1ys
mL7lWTbpHiM
pHIhutK9kUc
Lp2tejctWus
cDhacGjbBqE
3IgTuhQl1Ag
_JpfC8KRV-Y
u8PKGktRaks
y-TQrXvuOFY
Q94l0fUlVc4
rDyUYlwINo0
7lS5QsiCY7w
Ts5wNCumnPQ
S8gGiEVxaks
R1Hl359rvVI
6CVGMtxlZz0
9Gs3XTCUIFI
gxNeS8nGBms
rDEUitcRhq8
CN5i-_W5d-4
VvEpR7zePeE
6GfdYzNrAFM
yIe09scC4Gs
TSyIOTtU3X4
q-0WWOItnCc
zE7i1ICDn18
jsRiCREVLdU
isSlJgSWVdY
QJTs365krj8
pA0RyY6DAow
s88PE6ducbs
rGDG6T-udNI
bCk5wiumw8k
0ZH9nwjCmL4
EZzO8EGG71w
TtHVCrnNvHg
6hvoRLKdT_Q
8nm_Y2WsPMU
bLssqg0Tsm8
KcpabtrhmzM
